2017-07-26 00:22:44,308 [Worker-4] INFO  o.e.m.c.i.l.LifecycleMappingFactory - Using org.eclipse.m2e.jdt.JarLifecycleMapping lifecycle mapping for MavenProject: codemind.travellplaner:TravelPlanner:0.0.1-SNAPSHOT @ C:\Users\savag\workspace\CodemindTaskTravelPlanner\TravelPlanner\pom.xml.
2017-07-26 00:22:48,180 [Worker-4] INFO  o.e.m.j.i.AbstractJavaProjectConfigurator - Adding source folder /TravelPlanner/src/main/java
2017-07-26 00:22:48,183 [Worker-4] INFO  o.e.m.j.i.AbstractJavaProjectConfigurator - Adding resource folder /TravelPlanner/src/main/resources
2017-07-26 00:22:48,184 [Worker-4] INFO  o.e.m.j.i.AbstractJavaProjectConfigurator - Adding source folder /TravelPlanner/src/test/java
2017-07-26 00:22:48,185 [Worker-4] INFO  o.e.m.j.i.AbstractJavaProjectConfigurator - Adding resource folder /TravelPlanner/src/test/resources
2017-07-26 00:22:53,830 [Worker-12] WARN  o.e.m.c.i.embedder.EclipseLogger - Using platform encoding (Cp1252 actually) to copy filtered resources, i.e. build is platform dependent!
2017-07-26 00:22:53,868 [Worker-12] INFO  o.e.m.c.i.embedder.EclipseLogger - Copying 0 resource
2017-07-26 00:22:53,872 [Worker-12] WARN  o.e.m.c.i.embedder.EclipseLogger - Using platform encoding (Cp1252 actually) to copy filtered resources, i.e. build is platform dependent!
2017-07-26 00:22:53,889 [Worker-12] INFO  o.e.m.c.i.embedder.EclipseLogger - Copying 0 resource
2017-07-26 00:23:49,904 [Worker-11] INFO  o.e.m.c.i.l.LifecycleMappingFactory - Using org.eclipse.m2e.jdt.JarLifecycleMapping lifecycle mapping for MavenProject: codemind.travellplaner:TravelPlanner:0.0.1-SNAPSHOT @ C:\Users\savag\workspace\CodemindTaskTravelPlanner\TravelPlanner\pom.xml.
2017-07-26 00:23:50,979 [Worker-11] WARN  o.e.m.c.i.embedder.EclipseLogger - Using platform encoding (Cp1252 actually) to copy filtered resources, i.e. build is platform dependent!
2017-07-26 00:23:50,998 [Worker-11] INFO  o.e.m.c.i.embedder.EclipseLogger - Copying 0 resource
2017-07-26 00:23:51,001 [Worker-11] WARN  o.e.m.c.i.embedder.EclipseLogger - Using platform encoding (Cp1252 actually) to copy filtered resources, i.e. build is platform dependent!
2017-07-26 00:23:51,021 [Worker-11] INFO  o.e.m.c.i.embedder.EclipseLogger - Copying 0 resource
2017-07-26 00:25:35,677 [Worker-8] INFO  o.e.m.c.i.l.LifecycleMappingFactory - Using org.eclipse.m2e.jdt.JarLifecycleMapping lifecycle mapping for MavenProject: codemind.travellplaner:TravelPlanner:0.0.1-SNAPSHOT @ C:\Users\savag\workspace\CodemindTaskTravelPlanner\TravelPlanner\pom.xml.
2017-07-26 00:25:43,384 [Worker-8] INFO  o.e.m.c.i.embedder.EclipseLogger - Using 'UTF-8' encoding to copy filtered resources.
2017-07-26 00:25:43,399 [Worker-8] INFO  o.e.m.c.i.embedder.EclipseLogger - Copying 0 resource
2017-07-26 00:25:43,399 [Worker-8] INFO  o.e.m.c.i.embedder.EclipseLogger - Copying 0 resource
2017-07-26 00:25:43,443 [Worker-8] INFO  o.e.m.c.i.embedder.EclipseLogger - Using 'UTF-8' encoding to copy filtered resources.
2017-07-26 00:25:43,451 [Worker-8] INFO  o.e.m.c.i.embedder.EclipseLogger - Copying 0 resource
2017-07-26 00:25:49,221 [Worker-13] INFO  o.e.m.c.i.embedder.EclipseLogger - Using 'UTF-8' encoding to copy filtered resources.
2017-07-26 00:25:49,240 [Worker-13] INFO  o.e.m.c.i.embedder.EclipseLogger - Copying 0 resource
2017-07-26 00:25:49,241 [Worker-13] INFO  o.e.m.c.i.embedder.EclipseLogger - Copying 0 resource
2017-07-26 00:25:49,269 [Worker-13] INFO  o.e.m.c.i.embedder.EclipseLogger - Using 'UTF-8' encoding to copy filtered resources.
2017-07-26 00:25:49,489 [Worker-13] INFO  o.e.m.c.i.embedder.EclipseLogger - Copying 0 resource
2017-07-26 00:26:36,674 [Worker-11] INFO  o.e.m.c.i.p.ProjectConfigurationManager - Update started
2017-07-26 00:26:48,520 [Worker-11] INFO  o.e.m.c.i.l.LifecycleMappingFactory - Using org.eclipse.m2e.jdt.JarLifecycleMapping lifecycle mapping for MavenProject: codemind.travellplaner:TravelPlanner:0.0.1-SNAPSHOT @ C:\Users\savag\workspace\CodemindTaskTravelPlanner\TravelPlanner\pom.xml.
2017-07-26 00:26:52,393 [Worker-11] INFO  o.e.m.j.i.AbstractJavaProjectConfigurator - Adding source folder /TravelPlanner/src/main/java
2017-07-26 00:26:52,608 [Worker-11] INFO  o.e.m.j.i.AbstractJavaProjectConfigurator - Adding resource folder /TravelPlanner/src/main/resources
2017-07-26 00:26:53,020 [Worker-11] INFO  o.e.m.j.i.AbstractJavaProjectConfigurator - Adding resource folder /TravelPlanner/src/main/resources
2017-07-26 00:26:53,207 [Worker-11] INFO  o.e.m.j.i.AbstractJavaProjectConfigurator - Adding source folder /TravelPlanner/src/test/java
2017-07-26 00:26:53,222 [Worker-11] INFO  o.e.m.j.i.AbstractJavaProjectConfigurator - Adding resource folder /TravelPlanner/src/test/resources
2017-07-26 00:26:55,811 [Worker-11] INFO  o.e.m.c.i.p.ProjectConfigurationManager - Update completed: 19 sec
2017-07-26 00:27:03,972 [Worker-11] INFO  o.e.m.c.i.embedder.EclipseLogger - Using 'UTF-8' encoding to copy filtered resources.
2017-07-26 00:27:04,069 [Worker-11] INFO  o.e.m.c.i.embedder.EclipseLogger - Copying 0 resource
2017-07-26 00:27:04,108 [Worker-11] INFO  o.e.m.c.i.embedder.EclipseLogger - Copying 0 resource
2017-07-26 00:27:04,161 [Worker-11] INFO  o.e.m.c.i.embedder.EclipseLogger - Using 'UTF-8' encoding to copy filtered resources.
2017-07-26 00:27:04,173 [Worker-11] INFO  o.e.m.c.i.embedder.EclipseLogger - Copying 0 resource
2017-07-26 00:27:11,337 [Worker-4] INFO  o.e.m.c.i.embedder.EclipseLogger - Using 'UTF-8' encoding to copy filtered resources.
2017-07-26 00:27:11,340 [Worker-4] INFO  o.e.m.c.i.embedder.EclipseLogger - Copying 0 resource
2017-07-26 00:27:11,659 [Worker-4] INFO  o.e.m.c.i.embedder.EclipseLogger - Copying 0 resource
2017-07-26 00:27:11,734 [Worker-4] INFO  o.e.m.c.i.embedder.EclipseLogger - Using 'UTF-8' encoding to copy filtered resources.
2017-07-26 00:27:11,747 [Worker-4] INFO  o.e.m.c.i.embedder.EclipseLogger - Copying 0 resource
2017-07-26 00:29:42,517 [Worker-13] INFO  o.e.m.c.i.embedder.EclipseLogger - Using 'UTF-8' encoding to copy filtered resources.
2017-07-26 00:29:42,526 [Worker-13] INFO  o.e.m.c.i.embedder.EclipseLogger - Copying 0 resource
2017-07-26 00:29:42,534 [Worker-13] INFO  o.e.m.c.i.embedder.EclipseLogger - Copying 0 resource
2017-07-26 00:29:42,545 [Worker-13] INFO  o.e.m.c.i.embedder.EclipseLogger - Using 'UTF-8' encoding to copy filtered resources.
2017-07-26 00:29:42,545 [Worker-13] INFO  o.e.m.c.i.embedder.EclipseLogger - Copying 0 resource
2017-07-26 00:31:45,896 [Worker-4] INFO  o.e.m.c.i.embedder.EclipseLogger - Using 'UTF-8' encoding to copy filtered resources.
2017-07-26 00:31:45,899 [Worker-4] INFO  o.e.m.c.i.embedder.EclipseLogger - Copying 0 resource
2017-07-26 00:31:45,901 [Worker-4] INFO  o.e.m.c.i.embedder.EclipseLogger - Copying 0 resource
2017-07-26 00:31:45,907 [Worker-4] INFO  o.e.m.c.i.embedder.EclipseLogger - Using 'UTF-8' encoding to copy filtered resources.
2017-07-26 00:31:45,909 [Worker-4] INFO  o.e.m.c.i.embedder.EclipseLogger - Copying 0 resource
2017-07-26 00:31:50,238 [Worker-15] INFO  o.e.m.c.i.embedder.EclipseLogger - Using 'UTF-8' encoding to copy filtered resources.
2017-07-26 00:31:50,238 [Worker-15] INFO  o.e.m.c.i.embedder.EclipseLogger - Copying 0 resource
2017-07-26 00:31:50,239 [Worker-15] INFO  o.e.m.c.i.embedder.EclipseLogger - Copying 0 resource
2017-07-26 00:31:50,253 [Worker-15] INFO  o.e.m.c.i.embedder.EclipseLogger - Using 'UTF-8' encoding to copy filtered resources.
2017-07-26 00:31:50,254 [Worker-15] INFO  o.e.m.c.i.embedder.EclipseLogger - Copying 0 resource
2017-07-26 00:32:19,469 [Worker-13] INFO  o.e.m.c.i.l.LifecycleMappingFactory - Using org.eclipse.m2e.jdt.JarLifecycleMapping lifecycle mapping for MavenProject: codemind.travellplaner:TravelPlanner:0.0.1-SNAPSHOT @ C:\Users\savag\workspace\CodemindTaskTravelPlanner\TravelPlanner\pom.xml.
2017-07-26 00:32:25,936 [Worker-13] INFO  o.e.m.c.i.embedder.EclipseLogger - Using 'UTF-8' encoding to copy filtered resources.
2017-07-26 00:32:26,012 [Worker-13] INFO  o.e.m.c.i.embedder.EclipseLogger - Copying 0 resource
2017-07-26 00:32:26,056 [Worker-13] INFO  o.e.m.c.i.embedder.EclipseLogger - Copying 0 resource
2017-07-26 00:32:26,076 [Worker-13] INFO  o.e.m.c.i.embedder.EclipseLogger - Using 'UTF-8' encoding to copy filtered resources.
2017-07-26 00:32:26,077 [Worker-13] INFO  o.e.m.c.i.embedder.EclipseLogger - Copying 0 resource
2017-07-26 00:32:42,751 [Worker-15] INFO  o.e.m.c.i.embedder.EclipseLogger - Using 'UTF-8' encoding to copy filtered resources.
2017-07-26 00:32:42,752 [Worker-15] INFO  o.e.m.c.i.embedder.EclipseLogger - Copying 0 resource
2017-07-26 00:32:42,753 [Worker-15] INFO  o.e.m.c.i.embedder.EclipseLogger - Copying 0 resource
2017-07-26 00:32:42,759 [Worker-15] INFO  o.e.m.c.i.embedder.EclipseLogger - Using 'UTF-8' encoding to copy filtered resources.
2017-07-26 00:32:42,759 [Worker-15] INFO  o.e.m.c.i.embedder.EclipseLogger - Copying 0 resource
2017-07-26 00:33:16,520 [Worker-13] INFO  o.e.m.c.i.embedder.EclipseLogger - Using 'UTF-8' encoding to copy filtered resources.
2017-07-26 00:33:16,521 [Worker-13] INFO  o.e.m.c.i.embedder.EclipseLogger - Copying 0 resource
2017-07-26 00:33:16,522 [Worker-13] INFO  o.e.m.c.i.embedder.EclipseLogger - Copying 0 resource
2017-07-26 00:33:16,538 [Worker-13] INFO  o.e.m.c.i.embedder.EclipseLogger - Using 'UTF-8' encoding to copy filtered resources.
2017-07-26 00:33:16,538 [Worker-13] INFO  o.e.m.c.i.embedder.EclipseLogger - Copying 0 resource
2017-07-26 00:33:59,905 [Worker-16] INFO  o.e.m.c.i.embedder.EclipseLogger - Using 'UTF-8' encoding to copy filtered resources.
2017-07-26 00:33:59,906 [Worker-16] INFO  o.e.m.c.i.embedder.EclipseLogger - Copying 0 resource
2017-07-26 00:33:59,947 [Worker-16] INFO  o.e.m.c.i.embedder.EclipseLogger - Copying 0 resource
2017-07-26 00:33:59,969 [Worker-16] INFO  o.e.m.c.i.embedder.EclipseLogger - Using 'UTF-8' encoding to copy filtered resources.
2017-07-26 00:33:59,985 [Worker-16] INFO  o.e.m.c.i.embedder.EclipseLogger - Copying 0 resource
2017-07-26 00:34:12,006 [Worker-15] INFO  o.e.m.c.i.embedder.EclipseLogger - Using 'UTF-8' encoding to copy filtered resources.
2017-07-26 00:34:12,019 [Worker-15] INFO  o.e.m.c.i.embedder.EclipseLogger - Copying 0 resource
2017-07-26 00:34:12,070 [Worker-15] INFO  o.e.m.c.i.embedder.EclipseLogger - Copying 0 resource
2017-07-26 00:34:12,094 [Worker-15] INFO  o.e.m.c.i.embedder.EclipseLogger - Using 'UTF-8' encoding to copy filtered resources.
2017-07-26 00:34:12,094 [Worker-15] INFO  o.e.m.c.i.embedder.EclipseLogger - Copying 0 resource
2017-07-26 00:36:40,103 [Worker-16] INFO  o.e.m.c.i.embedder.EclipseLogger - Using 'UTF-8' encoding to copy filtered resources.
2017-07-26 00:36:40,106 [Worker-16] INFO  o.e.m.c.i.embedder.EclipseLogger - Copying 0 resource
2017-07-26 00:36:40,107 [Worker-16] INFO  o.e.m.c.i.embedder.EclipseLogger - Copying 0 resource
2017-07-26 00:36:40,110 [Worker-16] INFO  o.e.m.c.i.embedder.EclipseLogger - Using 'UTF-8' encoding to copy filtered resources.
2017-07-26 00:36:40,132 [Worker-16] INFO  o.e.m.c.i.embedder.EclipseLogger - Copying 0 resource
2017-07-26 00:37:54,105 [Worker-4] INFO  o.e.m.c.i.embedder.EclipseLogger - Using 'UTF-8' encoding to copy filtered resources.
2017-07-26 00:37:54,116 [Worker-4] INFO  o.e.m.c.i.embedder.EclipseLogger - Copying 0 resource
2017-07-26 00:37:54,128 [Worker-4] INFO  o.e.m.c.i.embedder.EclipseLogger - Copying 0 resource
2017-07-26 00:37:54,142 [Worker-4] INFO  o.e.m.c.i.embedder.EclipseLogger - Using 'UTF-8' encoding to copy filtered resources.
2017-07-26 00:37:54,147 [Worker-4] INFO  o.e.m.c.i.embedder.EclipseLogger - Copying 0 resource
2017-07-26 00:38:59,135 [Worker-4] INFO  o.e.m.c.i.embedder.EclipseLogger - Using 'UTF-8' encoding to copy filtered resources.
2017-07-26 00:38:59,199 [Worker-4] INFO  o.e.m.c.i.embedder.EclipseLogger - Copying 0 resource
2017-07-26 00:38:59,413 [Worker-4] INFO  o.e.m.c.i.embedder.EclipseLogger - Copying 0 resource
2017-07-26 00:38:59,442 [Worker-4] INFO  o.e.m.c.i.embedder.EclipseLogger - Using 'UTF-8' encoding to copy filtered resources.
2017-07-26 00:38:59,678 [Worker-4] INFO  o.e.m.c.i.embedder.EclipseLogger - Copying 0 resource
2017-07-26 00:40:22,204 [Worker-16] INFO  o.e.m.c.i.embedder.EclipseLogger - Using 'UTF-8' encoding to copy filtered resources.
2017-07-26 00:40:22,214 [Worker-16] INFO  o.e.m.c.i.embedder.EclipseLogger - Copying 0 resource
2017-07-26 00:40:22,263 [Worker-16] INFO  o.e.m.c.i.embedder.EclipseLogger - Copying 0 resource
2017-07-26 00:40:22,282 [Worker-16] INFO  o.e.m.c.i.embedder.EclipseLogger - Using 'UTF-8' encoding to copy filtered resources.
2017-07-26 00:40:22,283 [Worker-16] INFO  o.e.m.c.i.embedder.EclipseLogger - Copying 0 resource
2017-07-26 00:41:14,762 [Worker-15] INFO  o.e.m.c.i.embedder.EclipseLogger - Using 'UTF-8' encoding to copy filtered resources.
2017-07-26 00:41:14,765 [Worker-15] INFO  o.e.m.c.i.embedder.EclipseLogger - Copying 0 resource
2017-07-26 00:41:14,766 [Worker-15] INFO  o.e.m.c.i.embedder.EclipseLogger - Copying 0 resource
2017-07-26 00:41:14,770 [Worker-15] INFO  o.e.m.c.i.embedder.EclipseLogger - Using 'UTF-8' encoding to copy filtered resources.
2017-07-26 00:41:14,770 [Worker-15] INFO  o.e.m.c.i.embedder.EclipseLogger - Copying 0 resource
2017-07-26 00:42:02,058 [Worker-19] INFO  o.e.m.c.i.embedder.EclipseLogger - Using 'UTF-8' encoding to copy filtered resources.
2017-07-26 00:42:02,060 [Worker-19] INFO  o.e.m.c.i.embedder.EclipseLogger - Copying 0 resource
2017-07-26 00:42:02,062 [Worker-19] INFO  o.e.m.c.i.embedder.EclipseLogger - Copying 0 resource
2017-07-26 00:42:02,072 [Worker-19] INFO  o.e.m.c.i.embedder.EclipseLogger - Using 'UTF-8' encoding to copy filtered resources.
2017-07-26 00:42:02,073 [Worker-19] INFO  o.e.m.c.i.embedder.EclipseLogger - Copying 0 resource
2017-07-26 00:42:19,089 [Worker-15] INFO  o.e.m.c.i.embedder.EclipseLogger - Using 'UTF-8' encoding to copy filtered resources.
2017-07-26 00:42:19,090 [Worker-15] INFO  o.e.m.c.i.embedder.EclipseLogger - Copying 0 resource
2017-07-26 00:42:19,102 [Worker-15] INFO  o.e.m.c.i.embedder.EclipseLogger - Copying 0 resource
2017-07-26 00:42:19,123 [Worker-15] INFO  o.e.m.c.i.embedder.EclipseLogger - Using 'UTF-8' encoding to copy filtered resources.
2017-07-26 00:42:19,132 [Worker-15] INFO  o.e.m.c.i.embedder.EclipseLogger - Copying 0 resource
2017-07-26 00:42:28,222 [Worker-15] INFO  o.e.m.c.i.embedder.EclipseLogger - Using 'UTF-8' encoding to copy filtered resources.
2017-07-26 00:42:28,230 [Worker-15] INFO  o.e.m.c.i.embedder.EclipseLogger - Copying 0 resource
2017-07-26 00:42:28,241 [Worker-15] INFO  o.e.m.c.i.embedder.EclipseLogger - Copying 0 resource
2017-07-26 00:42:28,252 [Worker-15] INFO  o.e.m.c.i.embedder.EclipseLogger - Using 'UTF-8' encoding to copy filtered resources.
2017-07-26 00:42:28,253 [Worker-15] INFO  o.e.m.c.i.embedder.EclipseLogger - Copying 0 resource
2017-07-26 00:42:44,242 [Worker-16] INFO  o.e.m.c.i.embedder.EclipseLogger - Using 'UTF-8' encoding to copy filtered resources.
2017-07-26 00:42:44,243 [Worker-16] INFO  o.e.m.c.i.embedder.EclipseLogger - Copying 0 resource
2017-07-26 00:42:44,246 [Worker-16] INFO  o.e.m.c.i.embedder.EclipseLogger - Copying 0 resource
2017-07-26 00:42:44,249 [Worker-16] INFO  o.e.m.c.i.embedder.EclipseLogger - Using 'UTF-8' encoding to copy filtered resources.
2017-07-26 00:42:44,294 [Worker-16] INFO  o.e.m.c.i.embedder.EclipseLogger - Copying 0 resource
2017-07-26 00:43:04,102 [Worker-4] INFO  o.e.m.c.i.embedder.EclipseLogger - Using 'UTF-8' encoding to copy filtered resources.
2017-07-26 00:43:04,109 [Worker-4] INFO  o.e.m.c.i.embedder.EclipseLogger - Copying 0 resource
2017-07-26 00:43:04,116 [Worker-4] INFO  o.e.m.c.i.embedder.EclipseLogger - Copying 0 resource
2017-07-26 00:43:04,129 [Worker-4] INFO  o.e.m.c.i.embedder.EclipseLogger - Using 'UTF-8' encoding to copy filtered resources.
2017-07-26 00:43:04,130 [Worker-4] INFO  o.e.m.c.i.embedder.EclipseLogger - Copying 0 resource
2017-07-26 00:44:20,967 [Worker-15] INFO  o.e.m.c.i.embedder.EclipseLogger - Using 'UTF-8' encoding to copy filtered resources.
2017-07-26 00:44:20,967 [Worker-15] INFO  o.e.m.c.i.embedder.EclipseLogger - Copying 0 resource
2017-07-26 00:44:20,976 [Worker-15] INFO  o.e.m.c.i.embedder.EclipseLogger - Copying 0 resource
2017-07-26 00:44:20,987 [Worker-15] INFO  o.e.m.c.i.embedder.EclipseLogger - Using 'UTF-8' encoding to copy filtered resources.
2017-07-26 00:44:20,994 [Worker-15] INFO  o.e.m.c.i.embedder.EclipseLogger - Copying 0 resource
2017-07-26 00:46:49,324 [Worker-16] INFO  o.e.m.c.i.l.LifecycleMappingFactory - Using org.eclipse.m2e.jdt.JarLifecycleMapping lifecycle mapping for MavenProject: codemind.travellplaner:TravelPlanner:0.0.1-SNAPSHOT @ C:\Users\savag\workspace\CodemindTaskTravelPlanner\TravelPlanner\pom.xml.
2017-07-26 00:46:55,752 [Worker-16] INFO  o.e.m.c.i.embedder.EclipseLogger - Using 'UTF-8' encoding to copy filtered resources.
2017-07-26 00:46:55,762 [Worker-16] INFO  o.e.m.c.i.embedder.EclipseLogger - Copying 0 resource
2017-07-26 00:46:55,769 [Worker-16] INFO  o.e.m.c.i.embedder.EclipseLogger - Copying 0 resource
2017-07-26 00:46:55,772 [Worker-16] INFO  o.e.m.c.i.embedder.EclipseLogger - Using 'UTF-8' encoding to copy filtered resources.
2017-07-26 00:46:55,779 [Worker-16] INFO  o.e.m.c.i.embedder.EclipseLogger - Copying 0 resource
2017-07-26 00:46:59,345 [Worker-16] INFO  o.e.m.c.i.embedder.EclipseLogger - Using 'UTF-8' encoding to copy filtered resources.
2017-07-26 00:46:59,346 [Worker-16] INFO  o.e.m.c.i.embedder.EclipseLogger - Copying 0 resource
2017-07-26 00:46:59,348 [Worker-16] INFO  o.e.m.c.i.embedder.EclipseLogger - Copying 0 resource
2017-07-26 00:46:59,367 [Worker-16] INFO  o.e.m.c.i.embedder.EclipseLogger - Using 'UTF-8' encoding to copy filtered resources.
2017-07-26 00:46:59,386 [Worker-16] INFO  o.e.m.c.i.embedder.EclipseLogger - Copying 0 resource
2017-07-26 00:47:39,480 [Worker-20] INFO  o.e.m.c.i.l.LifecycleMappingFactory - Using org.eclipse.m2e.jdt.JarLifecycleMapping lifecycle mapping for MavenProject: codemind.travellplaner:TravelPlanner:0.0.1-SNAPSHOT @ C:\Users\savag\workspace\CodemindTaskTravelPlanner\TravelPlanner\pom.xml.
2017-07-26 00:47:40,556 [Worker-20] INFO  o.e.m.c.i.embedder.EclipseLogger - Using 'UTF-8' encoding to copy filtered resources.
2017-07-26 00:47:40,587 [Worker-20] INFO  o.e.m.c.i.embedder.EclipseLogger - Copying 0 resource
2017-07-26 00:47:40,602 [Worker-20] INFO  o.e.m.c.i.embedder.EclipseLogger - Copying 0 resource
2017-07-26 00:47:40,613 [Worker-20] INFO  o.e.m.c.i.embedder.EclipseLogger - Using 'UTF-8' encoding to copy filtered resources.
2017-07-26 00:47:40,613 [Worker-20] INFO  o.e.m.c.i.embedder.EclipseLogger - Copying 0 resource
2017-07-26 00:47:43,763 [Worker-4] INFO  o.e.m.c.i.embedder.EclipseLogger - Using 'UTF-8' encoding to copy filtered resources.
2017-07-26 00:47:43,764 [Worker-4] INFO  o.e.m.c.i.embedder.EclipseLogger - Copying 0 resource
2017-07-26 00:47:43,765 [Worker-4] INFO  o.e.m.c.i.embedder.EclipseLogger - Copying 0 resource
2017-07-26 00:47:43,768 [Worker-4] INFO  o.e.m.c.i.embedder.EclipseLogger - Using 'UTF-8' encoding to copy filtered resources.
2017-07-26 00:47:43,779 [Worker-4] INFO  o.e.m.c.i.embedder.EclipseLogger - Copying 0 resource
2017-07-26 00:50:27,533 [Worker-20] INFO  o.e.m.c.i.l.LifecycleMappingFactory - Using org.eclipse.m2e.jdt.JarLifecycleMapping lifecycle mapping for MavenProject: codemind.travellplaner:TravelPlanner:0.0.1-SNAPSHOT @ C:\Users\savag\workspace\CodemindTaskTravelPlanner\TravelPlanner\pom.xml.
2017-07-26 00:50:34,634 [Worker-20] INFO  o.e.m.c.i.embedder.EclipseLogger - Using 'UTF-8' encoding to copy filtered resources.
2017-07-26 00:50:34,646 [Worker-20] INFO  o.e.m.c.i.embedder.EclipseLogger - Copying 0 resource
2017-07-26 00:50:34,656 [Worker-20] INFO  o.e.m.c.i.embedder.EclipseLogger - Copying 0 resource
2017-07-26 00:50:34,662 [Worker-20] INFO  o.e.m.c.i.embedder.EclipseLogger - Using 'UTF-8' encoding to copy filtered resources.
2017-07-26 00:50:34,669 [Worker-20] INFO  o.e.m.c.i.embedder.EclipseLogger - Copying 0 resource
2017-07-26 00:50:37,900 [Worker-19] INFO  o.e.m.c.i.embedder.EclipseLogger - Using 'UTF-8' encoding to copy filtered resources.
2017-07-26 00:50:37,942 [Worker-19] INFO  o.e.m.c.i.embedder.EclipseLogger - Copying 0 resource
2017-07-26 00:50:37,968 [Worker-19] INFO  o.e.m.c.i.embedder.EclipseLogger - Copying 0 resource
2017-07-26 00:50:37,984 [Worker-19] INFO  o.e.m.c.i.embedder.EclipseLogger - Using 'UTF-8' encoding to copy filtered resources.
2017-07-26 00:50:37,984 [Worker-19] INFO  o.e.m.c.i.embedder.EclipseLogger - Copying 0 resource
2017-07-26 00:52:08,343 [Worker-22] INFO  o.e.m.c.i.l.LifecycleMappingFactory - Using org.eclipse.m2e.jdt.JarLifecycleMapping lifecycle mapping for MavenProject: codemind.travellplaner:TravelPlanner:0.0.1-SNAPSHOT @ C:\Users\savag\workspace\CodemindTaskTravelPlanner\TravelPlanner\pom.xml.
2017-07-26 00:52:09,293 [Worker-22] INFO  o.e.m.c.i.embedder.EclipseLogger - Using 'UTF-8' encoding to copy filtered resources.
2017-07-26 00:52:09,296 [Worker-22] INFO  o.e.m.c.i.embedder.EclipseLogger - Copying 0 resource
2017-07-26 00:52:09,296 [Worker-22] INFO  o.e.m.c.i.embedder.EclipseLogger - Copying 0 resource
2017-07-26 00:52:09,332 [Worker-22] INFO  o.e.m.c.i.embedder.EclipseLogger - Using 'UTF-8' encoding to copy filtered resources.
2017-07-26 00:52:09,335 [Worker-22] INFO  o.e.m.c.i.embedder.EclipseLogger - Copying 0 resource
2017-07-26 00:52:12,635 [Worker-21] INFO  o.e.m.c.i.embedder.EclipseLogger - Using 'UTF-8' encoding to copy filtered resources.
2017-07-26 00:52:12,638 [Worker-21] INFO  o.e.m.c.i.embedder.EclipseLogger - Copying 0 resource
2017-07-26 00:52:12,646 [Worker-21] INFO  o.e.m.c.i.embedder.EclipseLogger - Copying 0 resource
2017-07-26 00:52:12,656 [Worker-21] INFO  o.e.m.c.i.embedder.EclipseLogger - Using 'UTF-8' encoding to copy filtered resources.
2017-07-26 00:52:12,668 [Worker-21] INFO  o.e.m.c.i.embedder.EclipseLogger - Copying 0 resource
2017-07-26 00:52:15,809 [Worker-22] INFO  o.e.m.c.i.embedder.EclipseLogger - Using 'UTF-8' encoding to copy filtered resources.
2017-07-26 00:52:15,818 [Worker-22] INFO  o.e.m.c.i.embedder.EclipseLogger - Copying 0 resource
2017-07-26 00:52:15,827 [Worker-22] INFO  o.e.m.c.i.embedder.EclipseLogger - Copying 0 resource
2017-07-26 00:52:15,837 [Worker-22] INFO  o.e.m.c.i.embedder.EclipseLogger - Using 'UTF-8' encoding to copy filtered resources.
2017-07-26 00:52:15,838 [Worker-22] INFO  o.e.m.c.i.embedder.EclipseLogger - Copying 0 resource
2017-07-26 00:54:05,516 [Worker-23] INFO  o.e.m.c.i.embedder.EclipseLogger - Using 'UTF-8' encoding to copy filtered resources.
2017-07-26 00:54:05,517 [Worker-23] INFO  o.e.m.c.i.embedder.EclipseLogger - Copying 0 resource
2017-07-26 00:54:05,518 [Worker-23] INFO  o.e.m.c.i.embedder.EclipseLogger - Copying 0 resource
2017-07-26 00:54:05,522 [Worker-23] INFO  o.e.m.c.i.embedder.EclipseLogger - Using 'UTF-8' encoding to copy filtered resources.
2017-07-26 00:54:05,534 [Worker-23] INFO  o.e.m.c.i.embedder.EclipseLogger - Copying 0 resource
2017-07-26 01:38:06,881 [Worker-100] INFO  o.e.m.c.i.embedder.EclipseLogger - Using 'UTF-8' encoding to copy filtered resources.
2017-07-26 01:38:07,105 [Worker-100] INFO  o.e.m.c.i.embedder.EclipseLogger - Copying 0 resource
2017-07-26 01:38:07,127 [Worker-100] INFO  o.e.m.c.i.embedder.EclipseLogger - Copying 0 resource
2017-07-26 01:38:07,214 [Worker-100] INFO  o.e.m.c.i.embedder.EclipseLogger - Using 'UTF-8' encoding to copy filtered resources.
2017-07-26 01:38:07,227 [Worker-100] INFO  o.e.m.c.i.embedder.EclipseLogger - Copying 0 resource
2017-07-26 01:38:33,534 [Worker-94] INFO  o.e.m.c.i.embedder.EclipseLogger - Using 'UTF-8' encoding to copy filtered resources.
2017-07-26 01:38:33,535 [Worker-94] INFO  o.e.m.c.i.embedder.EclipseLogger - Copying 0 resource
2017-07-26 01:38:33,550 [Worker-94] INFO  o.e.m.c.i.embedder.EclipseLogger - Copying 0 resource
2017-07-26 01:38:33,560 [Worker-94] INFO  o.e.m.c.i.embedder.EclipseLogger - Using 'UTF-8' encoding to copy filtered resources.
2017-07-26 01:38:33,568 [Worker-94] INFO  o.e.m.c.i.embedder.EclipseLogger - Copying 0 resource
2017-07-26 01:40:15,148 [Worker-101] INFO  o.e.m.c.i.embedder.EclipseLogger - Using 'UTF-8' encoding to copy filtered resources.
2017-07-26 01:40:15,182 [Worker-101] INFO  o.e.m.c.i.embedder.EclipseLogger - Copying 0 resource
2017-07-26 01:40:15,197 [Worker-101] INFO  o.e.m.c.i.embedder.EclipseLogger - Copying 0 resource
2017-07-26 01:40:15,260 [Worker-101] INFO  o.e.m.c.i.embedder.EclipseLogger - Using 'UTF-8' encoding to copy filtered resources.
2017-07-26 01:40:15,261 [Worker-101] INFO  o.e.m.c.i.embedder.EclipseLogger - Copying 0 resource
2017-07-26 02:15:19,295 [Worker-109] INFO  o.e.m.c.i.embedder.EclipseLogger - Using 'UTF-8' encoding to copy filtered resources.
2017-07-26 02:15:19,314 [Worker-109] INFO  o.e.m.c.i.embedder.EclipseLogger - Copying 0 resource
2017-07-26 02:15:19,315 [Worker-109] INFO  o.e.m.c.i.embedder.EclipseLogger - Copying 0 resource
2017-07-26 02:15:19,317 [Worker-109] INFO  o.e.m.c.i.embedder.EclipseLogger - Using 'UTF-8' encoding to copy filtered resources.
2017-07-26 02:15:19,318 [Worker-109] INFO  o.e.m.c.i.embedder.EclipseLogger - Copying 0 resource
2017-07-26 02:15:30,512 [Worker-108] INFO  o.e.m.c.i.embedder.EclipseLogger - Using 'UTF-8' encoding to copy filtered resources.
2017-07-26 02:15:30,516 [Worker-108] INFO  o.e.m.c.i.embedder.EclipseLogger - Copying 0 resource
2017-07-26 02:15:30,517 [Worker-108] INFO  o.e.m.c.i.embedder.EclipseLogger - Copying 0 resource
2017-07-26 02:15:30,539 [Worker-108] INFO  o.e.m.c.i.embedder.EclipseLogger - Using 'UTF-8' encoding to copy filtered resources.
2017-07-26 02:15:30,539 [Worker-108] INFO  o.e.m.c.i.embedder.EclipseLogger - Copying 0 resource
2017-07-26 02:15:48,144 [Worker-113] INFO  o.e.m.c.i.embedder.EclipseLogger - Using 'UTF-8' encoding to copy filtered resources.
2017-07-26 02:15:48,146 [Worker-113] INFO  o.e.m.c.i.embedder.EclipseLogger - Copying 0 resource
2017-07-26 02:15:48,162 [Worker-113] INFO  o.e.m.c.i.embedder.EclipseLogger - Copying 0 resource
2017-07-26 02:15:48,172 [Worker-113] INFO  o.e.m.c.i.embedder.EclipseLogger - Using 'UTF-8' encoding to copy filtered resources.
2017-07-26 02:15:48,194 [Worker-113] INFO  o.e.m.c.i.embedder.EclipseLogger - Copying 0 resource
2017-07-26 02:19:04,395 [Worker-113] INFO  o.e.m.c.i.embedder.EclipseLogger - Using 'UTF-8' encoding to copy filtered resources.
2017-07-26 02:19:04,425 [Worker-113] INFO  o.e.m.c.i.embedder.EclipseLogger - Copying 0 resource
2017-07-26 02:19:04,432 [Worker-113] INFO  o.e.m.c.i.embedder.EclipseLogger - Copying 0 resource
2017-07-26 02:19:04,446 [Worker-113] INFO  o.e.m.c.i.embedder.EclipseLogger - Using 'UTF-8' encoding to copy filtered resources.
2017-07-26 02:19:04,446 [Worker-113] INFO  o.e.m.c.i.embedder.EclipseLogger - Copying 0 resource
2017-07-26 02:31:06,984 [Worker-117] INFO  o.e.m.c.i.embedder.EclipseLogger - Using 'UTF-8' encoding to copy filtered resources.
2017-07-26 02:31:07,020 [Worker-117] INFO  o.e.m.c.i.embedder.EclipseLogger - Copying 0 resource
2017-07-26 02:31:07,020 [Worker-117] INFO  o.e.m.c.i.embedder.EclipseLogger - Copying 0 resource
2017-07-26 02:31:07,100 [Worker-117] INFO  o.e.m.c.i.embedder.EclipseLogger - Using 'UTF-8' encoding to copy filtered resources.
2017-07-26 02:31:07,112 [Worker-117] INFO  o.e.m.c.i.embedder.EclipseLogger - Copying 0 resource
2017-07-26 02:33:20,265 [Worker-113] INFO  o.e.m.c.i.embedder.EclipseLogger - Using 'UTF-8' encoding to copy filtered resources.
2017-07-26 02:33:20,273 [Worker-113] INFO  o.e.m.c.i.embedder.EclipseLogger - Copying 0 resource
2017-07-26 02:33:20,283 [Worker-113] INFO  o.e.m.c.i.embedder.EclipseLogger - Copying 0 resource
2017-07-26 02:33:20,296 [Worker-113] INFO  o.e.m.c.i.embedder.EclipseLogger - Using 'UTF-8' encoding to copy filtered resources.
2017-07-26 02:33:20,296 [Worker-113] INFO  o.e.m.c.i.embedder.EclipseLogger - Copying 0 resource
2017-07-26 02:35:53,031 [Worker-113] INFO  o.e.m.c.i.embedder.EclipseLogger - Using 'UTF-8' encoding to copy filtered resources.
2017-07-26 02:35:53,032 [Worker-113] INFO  o.e.m.c.i.embedder.EclipseLogger - Copying 0 resource
2017-07-26 02:35:53,045 [Worker-113] INFO  o.e.m.c.i.embedder.EclipseLogger - Copying 0 resource
2017-07-26 02:35:53,058 [Worker-113] INFO  o.e.m.c.i.embedder.EclipseLogger - Using 'UTF-8' encoding to copy filtered resources.
2017-07-26 02:35:53,092 [Worker-113] INFO  o.e.m.c.i.embedder.EclipseLogger - Copying 0 resource
2017-07-26 02:36:43,053 [Worker-113] INFO  o.e.m.c.i.embedder.EclipseLogger - Using 'UTF-8' encoding to copy filtered resources.
2017-07-26 02:36:43,075 [Worker-113] INFO  o.e.m.c.i.embedder.EclipseLogger - Copying 0 resource
2017-07-26 02:36:43,089 [Worker-113] INFO  o.e.m.c.i.embedder.EclipseLogger - Copying 0 resource
2017-07-26 02:36:43,121 [Worker-113] INFO  o.e.m.c.i.embedder.EclipseLogger - Using 'UTF-8' encoding to copy filtered resources.
2017-07-26 02:36:43,122 [Worker-113] INFO  o.e.m.c.i.embedder.EclipseLogger - Copying 0 resource
2017-07-26 02:43:51,312 [Worker-121] INFO  o.e.m.c.i.embedder.EclipseLogger - Using 'UTF-8' encoding to copy filtered resources.
2017-07-26 02:43:51,313 [Worker-121] INFO  o.e.m.c.i.embedder.EclipseLogger - Copying 0 resource
2017-07-26 02:43:51,314 [Worker-121] INFO  o.e.m.c.i.embedder.EclipseLogger - Copying 0 resource
2017-07-26 02:43:51,395 [Worker-121] INFO  o.e.m.c.i.embedder.EclipseLogger - Using 'UTF-8' encoding to copy filtered resources.
2017-07-26 02:43:51,396 [Worker-121] INFO  o.e.m.c.i.embedder.EclipseLogger - Copying 0 resource
2017-07-26 02:45:56,461 [Worker-121] INFO  o.e.m.c.i.embedder.EclipseLogger - Using 'UTF-8' encoding to copy filtered resources.
2017-07-26 02:45:56,462 [Worker-121] INFO  o.e.m.c.i.embedder.EclipseLogger - Copying 0 resource
2017-07-26 02:45:56,462 [Worker-121] INFO  o.e.m.c.i.embedder.EclipseLogger - Copying 0 resource
2017-07-26 02:45:56,477 [Worker-121] INFO  o.e.m.c.i.embedder.EclipseLogger - Using 'UTF-8' encoding to copy filtered resources.
2017-07-26 02:45:56,478 [Worker-121] INFO  o.e.m.c.i.embedder.EclipseLogger - Copying 0 resource
2017-07-26 02:47:47,534 [Worker-120] INFO  o.e.m.c.i.embedder.EclipseLogger - Using 'UTF-8' encoding to copy filtered resources.
2017-07-26 02:47:47,536 [Worker-120] INFO  o.e.m.c.i.embedder.EclipseLogger - Copying 0 resource
2017-07-26 02:47:47,545 [Worker-120] INFO  o.e.m.c.i.embedder.EclipseLogger - Copying 0 resource
2017-07-26 02:47:47,588 [Worker-120] INFO  o.e.m.c.i.embedder.EclipseLogger - Using 'UTF-8' encoding to copy filtered resources.
2017-07-26 02:47:47,599 [Worker-120] INFO  o.e.m.c.i.embedder.EclipseLogger - Copying 0 resource
2017-07-26 02:48:48,657 [Worker-122] INFO  o.e.m.c.i.embedder.EclipseLogger - Using 'UTF-8' encoding to copy filtered resources.
2017-07-26 02:48:48,752 [Worker-122] INFO  o.e.m.c.i.embedder.EclipseLogger - Copying 0 resource
2017-07-26 02:48:48,777 [Worker-122] INFO  o.e.m.c.i.embedder.EclipseLogger - Copying 0 resource
2017-07-26 02:48:48,792 [Worker-122] INFO  o.e.m.c.i.embedder.EclipseLogger - Using 'UTF-8' encoding to copy filtered resources.
2017-07-26 02:48:48,796 [Worker-122] INFO  o.e.m.c.i.embedder.EclipseLogger - Copying 0 resource
2017-07-26 02:49:48,851 [Worker-122] INFO  o.e.m.c.i.embedder.EclipseLogger - Using 'UTF-8' encoding to copy filtered resources.
2017-07-26 02:49:48,852 [Worker-122] INFO  o.e.m.c.i.embedder.EclipseLogger - Copying 0 resource
2017-07-26 02:49:48,853 [Worker-122] INFO  o.e.m.c.i.embedder.EclipseLogger - Copying 0 resource
2017-07-26 02:49:48,926 [Worker-122] INFO  o.e.m.c.i.embedder.EclipseLogger - Using 'UTF-8' encoding to copy filtered resources.
2017-07-26 02:49:48,934 [Worker-122] INFO  o.e.m.c.i.embedder.EclipseLogger - Copying 0 resource
2017-07-26 02:50:18,164 [Worker-122] INFO  o.e.m.c.i.embedder.EclipseLogger - Using 'UTF-8' encoding to copy filtered resources.
2017-07-26 02:50:18,174 [Worker-122] INFO  o.e.m.c.i.embedder.EclipseLogger - Copying 0 resource
2017-07-26 02:50:18,186 [Worker-122] INFO  o.e.m.c.i.embedder.EclipseLogger - Copying 0 resource
2017-07-26 02:50:18,200 [Worker-122] INFO  o.e.m.c.i.embedder.EclipseLogger - Using 'UTF-8' encoding to copy filtered resources.
2017-07-26 02:50:18,201 [Worker-122] INFO  o.e.m.c.i.embedder.EclipseLogger - Copying 0 resource
2017-07-26 02:51:07,047 [Worker-123] INFO  o.e.m.c.i.embedder.EclipseLogger - Using 'UTF-8' encoding to copy filtered resources.
2017-07-26 02:51:07,050 [Worker-123] INFO  o.e.m.c.i.embedder.EclipseLogger - Copying 0 resource
2017-07-26 02:51:07,069 [Worker-123] INFO  o.e.m.c.i.embedder.EclipseLogger - Copying 0 resource
2017-07-26 02:51:07,092 [Worker-123] INFO  o.e.m.c.i.embedder.EclipseLogger - Using 'UTF-8' encoding to copy filtered resources.
2017-07-26 02:51:07,109 [Worker-123] INFO  o.e.m.c.i.embedder.EclipseLogger - Copying 0 resource
2017-07-26 02:53:08,232 [Worker-124] INFO  o.e.m.c.i.embedder.EclipseLogger - Using 'UTF-8' encoding to copy filtered resources.
2017-07-26 02:53:08,254 [Worker-124] INFO  o.e.m.c.i.embedder.EclipseLogger - Copying 0 resource
2017-07-26 02:53:08,283 [Worker-124] INFO  o.e.m.c.i.embedder.EclipseLogger - Copying 0 resource
2017-07-26 02:53:08,298 [Worker-124] INFO  o.e.m.c.i.embedder.EclipseLogger - Using 'UTF-8' encoding to copy filtered resources.
2017-07-26 02:53:08,299 [Worker-124] INFO  o.e.m.c.i.embedder.EclipseLogger - Copying 0 resource
2017-07-26 02:54:44,918 [Worker-117] INFO  o.e.m.c.i.embedder.EclipseLogger - Using 'UTF-8' encoding to copy filtered resources.
2017-07-26 02:54:44,920 [Worker-117] INFO  o.e.m.c.i.embedder.EclipseLogger - Copying 0 resource
2017-07-26 02:54:44,921 [Worker-117] INFO  o.e.m.c.i.embedder.EclipseLogger - Copying 0 resource
2017-07-26 02:54:44,965 [Worker-117] INFO  o.e.m.c.i.embedder.EclipseLogger - Using 'UTF-8' encoding to copy filtered resources.
2017-07-26 02:54:44,966 [Worker-117] INFO  o.e.m.c.i.embedder.EclipseLogger - Copying 0 resource
2017-07-26 02:54:53,873 [Worker-116] INFO  o.e.m.c.i.embedder.EclipseLogger - Using 'UTF-8' encoding to copy filtered resources.
2017-07-26 02:54:53,875 [Worker-116] INFO  o.e.m.c.i.embedder.EclipseLogger - Copying 0 resource
2017-07-26 02:54:53,876 [Worker-116] INFO  o.e.m.c.i.embedder.EclipseLogger - Copying 0 resource
2017-07-26 02:54:54,137 [Worker-116] INFO  o.e.m.c.i.embedder.EclipseLogger - Using 'UTF-8' encoding to copy filtered resources.
2017-07-26 02:54:54,138 [Worker-116] INFO  o.e.m.c.i.embedder.EclipseLogger - Copying 0 resource
2017-07-26 02:57:05,090 [Worker-120] INFO  o.e.m.c.i.l.LifecycleMappingFactory - Using org.eclipse.m2e.jdt.JarLifecycleMapping lifecycle mapping for MavenProject: codemind.travellplaner:TravelPlanner:0.0.1-SNAPSHOT @ C:\Users\savag\workspace\CodemindTaskTravelPlanner\TravelPlanner\pom.xml.
2017-07-26 02:57:22,569 [Worker-19] INFO  o.e.m.c.i.l.LifecycleMappingFactory - Using org.eclipse.m2e.jdt.JarLifecycleMapping lifecycle mapping for MavenProject: codemind.travellplaner:TravelPlanner:0.0.1-SNAPSHOT @ C:\Users\savag\workspace\CodemindTaskTravelPlanner\TravelPlanner\pom.xml.
2017-07-26 02:57:23,547 [Worker-116] INFO  o.e.m.c.i.e.AbstractTransferListenerAdapter - Downloading https://repo.maven.apache.org/maven2/io/springfox/springfox-swagger2/2.2.2/springfox-swagger2-2.2.2.pom
2017-07-26 02:57:23,888 [Worker-19] INFO  o.e.m.c.i.e.AbstractTransferListenerAdapter - Downloading https://repo.maven.apache.org/maven2/io/springfox/springfox-swagger2/2.2.2/springfox-swagger2-2.2.2.pom
2017-07-26 02:57:24,064 [Worker-116] INFO  o.e.m.c.i.e.AbstractTransferListenerAdapter - Downloaded https://repo.maven.apache.org/maven2/io/springfox/springfox-swagger2/2.2.2/springfox-swagger2-2.2.2.pom
2017-07-26 02:57:24,150 [Worker-116] INFO  o.e.m.c.i.e.AbstractTransferListenerAdapter - Downloading https://repo.maven.apache.org/maven2/org/mapstruct/mapstruct/1.0.0.CR1/mapstruct-1.0.0.CR1.pom
2017-07-26 02:57:25,161 [Worker-116] INFO  o.e.m.c.i.e.AbstractTransferListenerAdapter - Downloaded https://repo.maven.apache.org/maven2/org/mapstruct/mapstruct/1.0.0.CR1/mapstruct-1.0.0.CR1.pom
2017-07-26 02:57:25,228 [Worker-116] INFO  o.e.m.c.i.e.AbstractTransferListenerAdapter - Downloading https://repo.maven.apache.org/maven2/org/mapstruct/mapstruct-parent/1.0.0.CR1/mapstruct-parent-1.0.0.CR1.pom
2017-07-26 02:57:25,552 [Worker-19] INFO  o.e.m.c.i.e.AbstractTransferListenerAdapter - Downloaded https://repo.maven.apache.org/maven2/io/springfox/springfox-swagger2/2.2.2/springfox-swagger2-2.2.2.pom
2017-07-26 02:57:25,672 [Worker-19] INFO  o.e.m.c.i.e.AbstractTransferListenerAdapter - Downloading https://repo.maven.apache.org/maven2/org/mapstruct/mapstruct-parent/1.0.0.CR1/mapstruct-parent-1.0.0.CR1.pom
2017-07-26 02:57:25,686 [Worker-116] INFO  o.e.m.c.i.e.AbstractTransferListenerAdapter - Downloaded https://repo.maven.apache.org/maven2/org/mapstruct/mapstruct-parent/1.0.0.CR1/mapstruct-parent-1.0.0.CR1.pom
2017-07-26 02:57:25,820 [Worker-116] INFO  o.e.m.c.i.e.AbstractTransferListenerAdapter - Downloading https://repo.maven.apache.org/maven2/org/jboss/arquillian/arquillian-bom/1.0.2.Final/arquillian-bom-1.0.2.Final.pom
2017-07-26 02:57:27,351 [Worker-19] INFO  o.e.m.c.i.e.AbstractTransferListenerAdapter - Downloaded https://repo.maven.apache.org/maven2/org/mapstruct/mapstruct-parent/1.0.0.CR1/mapstruct-parent-1.0.0.CR1.pom
2017-07-26 02:57:27,669 [Worker-19] INFO  o.e.m.c.i.e.AbstractTransferListenerAdapter - Downloading https://repo.maven.apache.org/maven2/org/jboss/arquillian/arquillian-bom/1.0.2.Final/arquillian-bom-1.0.2.Final.pom
2017-07-26 02:57:27,808 [Worker-116] INFO  o.e.m.c.i.e.AbstractTransferListenerAdapter - Downloaded https://repo.maven.apache.org/maven2/org/jboss/arquillian/arquillian-bom/1.0.2.Final/arquillian-bom-1.0.2.Final.pom
2017-07-26 02:57:27,888 [Worker-116] INFO  o.e.m.c.i.e.AbstractTransferListenerAdapter - Downloading https://repo.maven.apache.org/maven2/org/jboss/shrinkwrap/shrinkwrap-bom/1.0.1/shrinkwrap-bom-1.0.1.pom
2017-07-26 02:57:28,288 [Worker-116] INFO  o.e.m.c.i.e.AbstractTransferListenerAdapter - Downloaded https://repo.maven.apache.org/maven2/org/jboss/shrinkwrap/shrinkwrap-bom/1.0.1/shrinkwrap-bom-1.0.1.pom
2017-07-26 02:57:28,322 [Worker-19] INFO  o.e.m.c.i.e.AbstractTransferListenerAdapter - Downloaded https://repo.maven.apache.org/maven2/org/jboss/arquillian/arquillian-bom/1.0.2.Final/arquillian-bom-1.0.2.Final.pom
2017-07-26 02:57:28,391 [Worker-116] INFO  o.e.m.c.i.e.AbstractTransferListenerAdapter - Downloading https://repo.maven.apache.org/maven2/org/jboss/shrinkwrap/resolver/shrinkwrap-resolver-bom/1.0.0-beta-7/shrinkwrap-resolver-bom-1.0.0-beta-7.pom
2017-07-26 02:57:28,446 [Worker-19] INFO  o.e.m.c.i.e.AbstractTransferListenerAdapter - Downloading https://repo.maven.apache.org/maven2/org/jboss/shrinkwrap/resolver/shrinkwrap-resolver-bom/1.0.0-beta-7/shrinkwrap-resolver-bom-1.0.0-beta-7.pom
2017-07-26 02:57:29,168 [Worker-116] INFO  o.e.m.c.i.e.AbstractTransferListenerAdapter - Downloaded https://repo.maven.apache.org/maven2/org/jboss/shrinkwrap/resolver/shrinkwrap-resolver-bom/1.0.0-beta-7/shrinkwrap-resolver-bom-1.0.0-beta-7.pom
2017-07-26 02:57:29,249 [Worker-116] INFO  o.e.m.c.i.e.AbstractTransferListenerAdapter - Downloading https://repo.maven.apache.org/maven2/org/jboss/shrinkwrap/descriptors/shrinkwrap-descriptors-bom/2.0.0-alpha-3/shrinkwrap-descriptors-bom-2.0.0-alpha-3.pom
2017-07-26 02:57:29,380 [Worker-19] INFO  o.e.m.c.i.e.AbstractTransferListenerAdapter - Downloaded https://repo.maven.apache.org/maven2/org/jboss/shrinkwrap/resolver/shrinkwrap-resolver-bom/1.0.0-beta-7/shrinkwrap-resolver-bom-1.0.0-beta-7.pom
2017-07-26 02:57:29,879 [Worker-19] INFO  o.e.m.c.i.e.AbstractTransferListenerAdapter - Downloading https://repo.maven.apache.org/maven2/org/jboss/shrinkwrap/descriptors/shrinkwrap-descriptors-bom/2.0.0-alpha-3/shrinkwrap-descriptors-bom-2.0.0-alpha-3.pom
2017-07-26 02:57:30,298 [Worker-116] INFO  o.e.m.c.i.e.AbstractTransferListenerAdapter - Downloaded https://repo.maven.apache.org/maven2/org/jboss/shrinkwrap/descriptors/shrinkwrap-descriptors-bom/2.0.0-alpha-3/shrinkwrap-descriptors-bom-2.0.0-alpha-3.pom
2017-07-26 02:57:30,368 [Worker-116] INFO  o.e.m.c.i.e.AbstractTransferListenerAdapter - Downloading https://repo.maven.apache.org/maven2/io/swagger/swagger-annotations/1.5.3/swagger-annotations-1.5.3.pom
2017-07-26 02:57:30,423 [Worker-19] INFO  o.e.m.c.i.e.AbstractTransferListenerAdapter - Downloaded https://repo.maven.apache.org/maven2/org/jboss/shrinkwrap/descriptors/shrinkwrap-descriptors-bom/2.0.0-alpha-3/shrinkwrap-descriptors-bom-2.0.0-alpha-3.pom
2017-07-26 02:57:30,559 [Worker-19] INFO  o.e.m.c.i.e.AbstractTransferListenerAdapter - Downloading https://repo.maven.apache.org/maven2/io/swagger/swagger-annotations/1.5.3/swagger-annotations-1.5.3.pom
2017-07-26 02:57:30,931 [Worker-116] INFO  o.e.m.c.i.e.AbstractTransferListenerAdapter - Downloaded https://repo.maven.apache.org/maven2/io/swagger/swagger-annotations/1.5.3/swagger-annotations-1.5.3.pom
2017-07-26 02:57:31,015 [Worker-116] INFO  o.e.m.c.i.e.AbstractTransferListenerAdapter - Downloading https://repo.maven.apache.org/maven2/io/swagger/swagger-project/1.5.3/swagger-project-1.5.3.pom
2017-07-26 02:57:31,237 [Worker-19] INFO  o.e.m.c.i.e.AbstractTransferListenerAdapter - Downloaded https://repo.maven.apache.org/maven2/io/swagger/swagger-annotations/1.5.3/swagger-annotations-1.5.3.pom
2017-07-26 02:57:31,424 [Worker-19] INFO  o.e.m.c.i.e.AbstractTransferListenerAdapter - Downloading https://repo.maven.apache.org/maven2/io/swagger/swagger-models/1.5.3/swagger-models-1.5.3.pom
2017-07-26 02:57:31,711 [Worker-116] INFO  o.e.m.c.i.e.AbstractTransferListenerAdapter - Downloaded https://repo.maven.apache.org/maven2/io/swagger/swagger-project/1.5.3/swagger-project-1.5.3.pom
2017-07-26 02:57:31,799 [Worker-116] INFO  o.e.m.c.i.e.AbstractTransferListenerAdapter - Downloading https://repo.maven.apache.org/maven2/org/sonatype/oss/oss-parent/5/oss-parent-5.pom
2017-07-26 02:57:31,870 [Worker-19] INFO  o.e.m.c.i.e.AbstractTransferListenerAdapter - Downloaded https://repo.maven.apache.org/maven2/io/swagger/swagger-models/1.5.3/swagger-models-1.5.3.pom
2017-07-26 02:57:32,557 [Worker-19] INFO  o.e.m.c.i.e.AbstractTransferListenerAdapter - Downloading https://repo.maven.apache.org/maven2/org/sonatype/oss/oss-parent/5/oss-parent-5.pom
2017-07-26 02:57:32,601 [Worker-116] INFO  o.e.m.c.i.e.AbstractTransferListenerAdapter - Downloaded https://repo.maven.apache.org/maven2/org/sonatype/oss/oss-parent/5/oss-parent-5.pom
2017-07-26 02:57:32,735 [Worker-116] INFO  o.e.m.c.i.e.AbstractTransferListenerAdapter - Downloading https://repo.maven.apache.org/maven2/io/springfox/springfox-spi/2.2.2/springfox-spi-2.2.2.pom
2017-07-26 02:57:32,807 [Worker-19] INFO  o.e.m.c.i.e.AbstractTransferListenerAdapter - Downloaded https://repo.maven.apache.org/maven2/org/sonatype/oss/oss-parent/5/oss-parent-5.pom
2017-07-26 02:57:32,882 [Worker-116] INFO  o.e.m.c.i.e.AbstractTransferListenerAdapter - Downloaded https://repo.maven.apache.org/maven2/io/springfox/springfox-spi/2.2.2/springfox-spi-2.2.2.pom
2017-07-26 02:57:32,955 [Worker-19] INFO  o.e.m.c.i.e.AbstractTransferListenerAdapter - Downloading https://repo.maven.apache.org/maven2/io/springfox/springfox-spi/2.2.2/springfox-spi-2.2.2.pom
2017-07-26 02:57:33,027 [Worker-19] INFO  o.e.m.c.i.e.AbstractTransferListenerAdapter - Downloaded https://repo.maven.apache.org/maven2/io/springfox/springfox-spi/2.2.2/springfox-spi-2.2.2.pom
2017-07-26 02:57:33,098 [Worker-116] INFO  o.e.m.c.i.e.AbstractTransferListenerAdapter - Downloading https://repo.maven.apache.org/maven2/io/springfox/springfox-core/2.2.2/springfox-core-2.2.2.pom
2017-07-26 02:57:33,142 [Worker-19] INFO  o.e.m.c.i.e.AbstractTransferListenerAdapter - Downloading https://repo.maven.apache.org/maven2/io/springfox/springfox-core/2.2.2/springfox-core-2.2.2.pom
2017-07-26 02:57:33,206 [Worker-116] INFO  o.e.m.c.i.e.AbstractTransferListenerAdapter - Downloaded https://repo.maven.apache.org/maven2/io/springfox/springfox-core/2.2.2/springfox-core-2.2.2.pom
2017-07-26 02:57:33,221 [Worker-19] INFO  o.e.m.c.i.e.AbstractTransferListenerAdapter - Downloaded https://repo.maven.apache.org/maven2/io/springfox/springfox-core/2.2.2/springfox-core-2.2.2.pom
2017-07-26 02:57:33,275 [Worker-116] INFO  o.e.m.c.i.e.AbstractTransferListenerAdapter - Downloading https://repo.maven.apache.org/maven2/com/google/guava/guava/18.0/guava-18.0.pom
2017-07-26 02:57:33,287 [Worker-19] INFO  o.e.m.c.i.e.AbstractTransferListenerAdapter - Downloading https://repo.maven.apache.org/maven2/com/google/guava/guava/18.0/guava-18.0.pom
2017-07-26 02:57:33,345 [Worker-116] INFO  o.e.m.c.i.e.AbstractTransferListenerAdapter - Downloaded https://repo.maven.apache.org/maven2/com/google/guava/guava/18.0/guava-18.0.pom
2017-07-26 02:57:33,352 [Worker-19] INFO  o.e.m.c.i.e.AbstractTransferListenerAdapter - Downloaded https://repo.maven.apache.org/maven2/com/google/guava/guava/18.0/guava-18.0.pom
2017-07-26 02:57:33,411 [Worker-116] INFO  o.e.m.c.i.e.AbstractTransferListenerAdapter - Downloading https://repo.maven.apache.org/maven2/com/google/guava/guava-parent/18.0/guava-parent-18.0.pom
2017-07-26 02:57:33,420 [Worker-19] INFO  o.e.m.c.i.e.AbstractTransferListenerAdapter - Downloading https://repo.maven.apache.org/maven2/com/google/guava/guava-parent/18.0/guava-parent-18.0.pom
2017-07-26 02:57:33,782 [Worker-116] INFO  o.e.m.c.i.e.AbstractTransferListenerAdapter - Downloaded https://repo.maven.apache.org/maven2/com/google/guava/guava-parent/18.0/guava-parent-18.0.pom
2017-07-26 02:57:33,847 [Worker-19] INFO  o.e.m.c.i.e.AbstractTransferListenerAdapter - Downloaded https://repo.maven.apache.org/maven2/com/google/guava/guava-parent/18.0/guava-parent-18.0.pom
2017-07-26 02:57:33,893 [Worker-116] INFO  o.e.m.c.i.e.AbstractTransferListenerAdapter - Downloading https://repo.maven.apache.org/maven2/org/aspectj/aspectjrt/1.8.9/aspectjrt-1.8.9.pom
2017-07-26 02:57:35,709 [Worker-19] INFO  o.e.m.c.i.e.AbstractTransferListenerAdapter - Downloading https://repo.maven.apache.org/maven2/org/aspectj/aspectjrt/1.8.9/aspectjrt-1.8.9.pom
2017-07-26 02:57:36,214 [Worker-116] INFO  o.e.m.c.i.e.AbstractTransferListenerAdapter - Downloaded https://repo.maven.apache.org/maven2/org/aspectj/aspectjrt/1.8.9/aspectjrt-1.8.9.pom
2017-07-26 02:57:36,436 [Worker-19] INFO  o.e.m.c.i.e.AbstractTransferListenerAdapter - Downloaded https://repo.maven.apache.org/maven2/org/aspectj/aspectjrt/1.8.9/aspectjrt-1.8.9.pom
2017-07-26 02:57:36,505 [Worker-116] INFO  o.e.m.c.i.e.AbstractTransferListenerAdapter - Downloading https://repo.maven.apache.org/maven2/org/springframework/plugin/spring-plugin-core/1.2.0.RELEASE/spring-plugin-core-1.2.0.RELEASE.pom
2017-07-26 02:57:36,523 [Worker-19] INFO  o.e.m.c.i.e.AbstractTransferListenerAdapter - Downloading https://repo.maven.apache.org/maven2/org/springframework/plugin/spring-plugin-core/1.2.0.RELEASE/spring-plugin-core-1.2.0.RELEASE.pom
2017-07-26 02:57:36,675 [Worker-116] INFO  o.e.m.c.i.e.AbstractTransferListenerAdapter - Downloaded https://repo.maven.apache.org/maven2/org/springframework/plugin/spring-plugin-core/1.2.0.RELEASE/spring-plugin-core-1.2.0.RELEASE.pom
2017-07-26 02:57:36,684 [Worker-19] INFO  o.e.m.c.i.e.AbstractTransferListenerAdapter - Downloaded https://repo.maven.apache.org/maven2/org/springframework/plugin/spring-plugin-core/1.2.0.RELEASE/spring-plugin-core-1.2.0.RELEASE.pom
2017-07-26 02:57:36,832 [Worker-116] INFO  o.e.m.c.i.e.AbstractTransferListenerAdapter - Downloading https://repo.maven.apache.org/maven2/org/springframework/plugin/spring-plugin/1.2.0.RELEASE/spring-plugin-1.2.0.RELEASE.pom
2017-07-26 02:57:36,843 [Worker-19] INFO  o.e.m.c.i.e.AbstractTransferListenerAdapter - Downloading https://repo.maven.apache.org/maven2/org/springframework/plugin/spring-plugin/1.2.0.RELEASE/spring-plugin-1.2.0.RELEASE.pom
2017-07-26 02:57:36,919 [Worker-116] INFO  o.e.m.c.i.e.AbstractTransferListenerAdapter - Downloaded https://repo.maven.apache.org/maven2/org/springframework/plugin/spring-plugin/1.2.0.RELEASE/spring-plugin-1.2.0.RELEASE.pom
2017-07-26 02:57:36,930 [Worker-19] INFO  o.e.m.c.i.e.AbstractTransferListenerAdapter - Downloaded https://repo.maven.apache.org/maven2/org/springframework/plugin/spring-plugin/1.2.0.RELEASE/spring-plugin-1.2.0.RELEASE.pom
2017-07-26 02:57:36,978 [Worker-116] INFO  o.e.m.c.i.e.AbstractTransferListenerAdapter - Downloading https://repo.maven.apache.org/maven2/org/springframework/plugin/spring-plugin-metadata/1.2.0.RELEASE/spring-plugin-metadata-1.2.0.RELEASE.pom
2017-07-26 02:57:36,991 [Worker-19] INFO  o.e.m.c.i.e.AbstractTransferListenerAdapter - Downloading https://repo.maven.apache.org/maven2/org/springframework/plugin/spring-plugin-metadata/1.2.0.RELEASE/spring-plugin-metadata-1.2.0.RELEASE.pom
2017-07-26 02:57:39,057 [Worker-116] INFO  o.e.m.c.i.e.AbstractTransferListenerAdapter - Downloaded https://repo.maven.apache.org/maven2/org/springframework/plugin/spring-plugin-metadata/1.2.0.RELEASE/spring-plugin-metadata-1.2.0.RELEASE.pom
2017-07-26 02:57:39,071 [Worker-19] INFO  o.e.m.c.i.e.AbstractTransferListenerAdapter - Downloaded https://repo.maven.apache.org/maven2/org/springframework/plugin/spring-plugin-metadata/1.2.0.RELEASE/spring-plugin-metadata-1.2.0.RELEASE.pom
2017-07-26 02:57:39,126 [Worker-116] INFO  o.e.m.c.i.e.AbstractTransferListenerAdapter - Downloading https://repo.maven.apache.org/maven2/org/springframework/hateoas/spring-hateoas/0.20.0.RELEASE/spring-hateoas-0.20.0.RELEASE.pom
2017-07-26 02:57:39,146 [Worker-19] INFO  o.e.m.c.i.e.AbstractTransferListenerAdapter - Downloading https://repo.maven.apache.org/maven2/org/springframework/hateoas/spring-hateoas/0.20.0.RELEASE/spring-hateoas-0.20.0.RELEASE.pom
2017-07-26 02:57:40,633 [Worker-116] INFO  o.e.m.c.i.e.AbstractTransferListenerAdapter - Downloaded https://repo.maven.apache.org/maven2/org/springframework/hateoas/spring-hateoas/0.20.0.RELEASE/spring-hateoas-0.20.0.RELEASE.pom
2017-07-26 02:57:40,836 [Worker-116] INFO  o.e.m.c.i.e.AbstractTransferListenerAdapter - Downloading https://repo.maven.apache.org/maven2/io/springfox/springfox-schema/2.2.2/springfox-schema-2.2.2.pom
2017-07-26 02:57:41,302 [Worker-19] INFO  o.e.m.c.i.e.AbstractTransferListenerAdapter - Downloaded https://repo.maven.apache.org/maven2/org/springframework/hateoas/spring-hateoas/0.20.0.RELEASE/spring-hateoas-0.20.0.RELEASE.pom
2017-07-26 02:57:42,323 [Worker-116] INFO  o.e.m.c.i.e.AbstractTransferListenerAdapter - Downloaded https://repo.maven.apache.org/maven2/io/springfox/springfox-schema/2.2.2/springfox-schema-2.2.2.pom
2017-07-26 02:57:42,361 [Worker-19] INFO  o.e.m.c.i.e.AbstractTransferListenerAdapter - Downloading https://repo.maven.apache.org/maven2/io/springfox/springfox-schema/2.2.2/springfox-schema-2.2.2.pom
2017-07-26 02:57:42,400 [Worker-116] INFO  o.e.m.c.i.e.AbstractTransferListenerAdapter - Downloading https://repo.maven.apache.org/maven2/io/springfox/springfox-swagger-common/2.2.2/springfox-swagger-common-2.2.2.pom
2017-07-26 02:57:42,790 [Worker-19] INFO  o.e.m.c.i.e.AbstractTransferListenerAdapter - Downloaded https://repo.maven.apache.org/maven2/io/springfox/springfox-schema/2.2.2/springfox-schema-2.2.2.pom
2017-07-26 02:57:42,898 [Worker-19] INFO  o.e.m.c.i.e.AbstractTransferListenerAdapter - Downloading https://repo.maven.apache.org/maven2/io/springfox/springfox-swagger-common/2.2.2/springfox-swagger-common-2.2.2.pom
2017-07-26 02:57:43,011 [Worker-116] INFO  o.e.m.c.i.e.AbstractTransferListenerAdapter - Downloaded https://repo.maven.apache.org/maven2/io/springfox/springfox-swagger-common/2.2.2/springfox-swagger-common-2.2.2.pom
2017-07-26 02:57:43,076 [Worker-116] INFO  o.e.m.c.i.e.AbstractTransferListenerAdapter - Downloading https://repo.maven.apache.org/maven2/io/springfox/springfox-spring-web/2.2.2/springfox-spring-web-2.2.2.pom
2017-07-26 02:57:43,309 [Worker-19] INFO  o.e.m.c.i.e.AbstractTransferListenerAdapter - Downloaded https://repo.maven.apache.org/maven2/io/springfox/springfox-swagger-common/2.2.2/springfox-swagger-common-2.2.2.pom
2017-07-26 02:57:43,514 [Worker-19] INFO  o.e.m.c.i.e.AbstractTransferListenerAdapter - Downloading https://repo.maven.apache.org/maven2/io/springfox/springfox-spring-web/2.2.2/springfox-spring-web-2.2.2.pom
2017-07-26 02:57:43,515 [Worker-116] INFO  o.e.m.c.i.e.AbstractTransferListenerAdapter - Downloaded https://repo.maven.apache.org/maven2/io/springfox/springfox-spring-web/2.2.2/springfox-spring-web-2.2.2.pom
2017-07-26 02:57:43,899 [Worker-116] INFO  o.e.m.c.i.e.AbstractTransferListenerAdapter - Downloading https://repo.maven.apache.org/maven2/io/springfox/springfox-swagger2/2.2.2/springfox-swagger2-2.2.2.jar
2017-07-26 02:57:44,016 [Worker-19] INFO  o.e.m.c.i.e.AbstractTransferListenerAdapter - Downloaded https://repo.maven.apache.org/maven2/io/springfox/springfox-spring-web/2.2.2/springfox-spring-web-2.2.2.pom
2017-07-26 02:57:45,130 [Worker-116] INFO  o.e.m.c.i.e.AbstractTransferListenerAdapter - Downloaded https://repo.maven.apache.org/maven2/io/springfox/springfox-swagger2/2.2.2/springfox-swagger2-2.2.2.jar
2017-07-26 02:57:45,198 [Worker-116] INFO  o.e.m.c.i.e.AbstractTransferListenerAdapter - Downloading https://repo.maven.apache.org/maven2/org/mapstruct/mapstruct/1.0.0.CR1/mapstruct-1.0.0.CR1.jar
2017-07-26 02:57:45,514 [Worker-116] INFO  o.e.m.c.i.e.AbstractTransferListenerAdapter - Downloaded https://repo.maven.apache.org/maven2/org/mapstruct/mapstruct/1.0.0.CR1/mapstruct-1.0.0.CR1.jar
2017-07-26 02:57:45,588 [Worker-116] INFO  o.e.m.c.i.e.AbstractTransferListenerAdapter - Downloading https://repo.maven.apache.org/maven2/io/swagger/swagger-annotations/1.5.3/swagger-annotations-1.5.3.jar
2017-07-26 02:57:46,579 [Worker-116] INFO  o.e.m.c.i.e.AbstractTransferListenerAdapter - Downloaded https://repo.maven.apache.org/maven2/io/swagger/swagger-annotations/1.5.3/swagger-annotations-1.5.3.jar
2017-07-26 02:57:46,637 [Worker-116] INFO  o.e.m.c.i.e.AbstractTransferListenerAdapter - Downloading https://repo.maven.apache.org/maven2/io/swagger/swagger-models/1.5.3/swagger-models-1.5.3.jar
2017-07-26 02:57:46,841 [Worker-116] INFO  o.e.m.c.i.e.AbstractTransferListenerAdapter - Downloaded https://repo.maven.apache.org/maven2/io/swagger/swagger-models/1.5.3/swagger-models-1.5.3.jar
2017-07-26 02:57:46,896 [Worker-116] INFO  o.e.m.c.i.e.AbstractTransferListenerAdapter - Downloading https://repo.maven.apache.org/maven2/io/springfox/springfox-spi/2.2.2/springfox-spi-2.2.2.jar
2017-07-26 02:57:47,129 [Worker-19] INFO  o.e.m.c.i.embedder.EclipseLogger - Using 'UTF-8' encoding to copy filtered resources.
2017-07-26 02:57:47,156 [Worker-19] INFO  o.e.m.c.i.embedder.EclipseLogger - Copying 0 resource
2017-07-26 02:57:47,157 [Worker-19] INFO  o.e.m.c.i.embedder.EclipseLogger - Copying 0 resource
2017-07-26 02:57:47,179 [Worker-19] INFO  o.e.m.c.i.embedder.EclipseLogger - Using 'UTF-8' encoding to copy filtered resources.
2017-07-26 02:57:47,179 [Worker-19] INFO  o.e.m.c.i.embedder.EclipseLogger - Copying 0 resource
2017-07-26 02:57:47,647 [Worker-116] INFO  o.e.m.c.i.e.AbstractTransferListenerAdapter - Downloaded https://repo.maven.apache.org/maven2/io/springfox/springfox-spi/2.2.2/springfox-spi-2.2.2.jar
2017-07-26 02:57:47,789 [Worker-116] INFO  o.e.m.c.i.e.AbstractTransferListenerAdapter - Downloading https://repo.maven.apache.org/maven2/io/springfox/springfox-core/2.2.2/springfox-core-2.2.2.jar
2017-07-26 02:57:48,032 [Worker-116] INFO  o.e.m.c.i.e.AbstractTransferListenerAdapter - Downloaded https://repo.maven.apache.org/maven2/io/springfox/springfox-core/2.2.2/springfox-core-2.2.2.jar
2017-07-26 02:57:48,167 [Worker-116] INFO  o.e.m.c.i.e.AbstractTransferListenerAdapter - Downloading https://repo.maven.apache.org/maven2/io/springfox/springfox-schema/2.2.2/springfox-schema-2.2.2.jar
2017-07-26 02:57:48,310 [Worker-116] INFO  o.e.m.c.i.e.AbstractTransferListenerAdapter - Downloaded https://repo.maven.apache.org/maven2/io/springfox/springfox-schema/2.2.2/springfox-schema-2.2.2.jar
2017-07-26 02:57:48,356 [Worker-116] INFO  o.e.m.c.i.e.AbstractTransferListenerAdapter - Downloading https://repo.maven.apache.org/maven2/io/springfox/springfox-swagger-common/2.2.2/springfox-swagger-common-2.2.2.jar
2017-07-26 02:57:48,991 [Worker-116] INFO  o.e.m.c.i.e.AbstractTransferListenerAdapter - Downloaded https://repo.maven.apache.org/maven2/io/springfox/springfox-swagger-common/2.2.2/springfox-swagger-common-2.2.2.jar
2017-07-26 02:57:49,028 [Worker-116] INFO  o.e.m.c.i.e.AbstractTransferListenerAdapter - Downloading https://repo.maven.apache.org/maven2/io/springfox/springfox-spring-web/2.2.2/springfox-spring-web-2.2.2.jar
2017-07-26 02:57:49,190 [Worker-116] INFO  o.e.m.c.i.e.AbstractTransferListenerAdapter - Downloaded https://repo.maven.apache.org/maven2/io/springfox/springfox-spring-web/2.2.2/springfox-spring-web-2.2.2.jar
2017-07-26 02:57:49,236 [Worker-116] INFO  o.e.m.c.i.e.AbstractTransferListenerAdapter - Downloading https://repo.maven.apache.org/maven2/com/google/guava/guava/18.0/guava-18.0.jar
2017-07-26 02:57:49,820 [Worker-116] INFO  o.e.m.c.i.e.AbstractTransferListenerAdapter - Downloaded https://repo.maven.apache.org/maven2/com/google/guava/guava/18.0/guava-18.0.jar
2017-07-26 02:57:49,870 [Worker-116] INFO  o.e.m.c.i.e.AbstractTransferListenerAdapter - Downloading https://repo.maven.apache.org/maven2/org/aspectj/aspectjrt/1.8.9/aspectjrt-1.8.9.jar
2017-07-26 02:57:50,185 [Worker-116] INFO  o.e.m.c.i.e.AbstractTransferListenerAdapter - Downloaded https://repo.maven.apache.org/maven2/org/aspectj/aspectjrt/1.8.9/aspectjrt-1.8.9.jar
2017-07-26 02:57:50,225 [Worker-116] INFO  o.e.m.c.i.e.AbstractTransferListenerAdapter - Downloading https://repo.maven.apache.org/maven2/org/springframework/plugin/spring-plugin-core/1.2.0.RELEASE/spring-plugin-core-1.2.0.RELEASE.jar
2017-07-26 02:57:50,657 [Worker-116] INFO  o.e.m.c.i.e.AbstractTransferListenerAdapter - Downloaded https://repo.maven.apache.org/maven2/org/springframework/plugin/spring-plugin-core/1.2.0.RELEASE/spring-plugin-core-1.2.0.RELEASE.jar
2017-07-26 02:57:50,696 [Worker-116] INFO  o.e.m.c.i.e.AbstractTransferListenerAdapter - Downloading https://repo.maven.apache.org/maven2/org/springframework/plugin/spring-plugin-metadata/1.2.0.RELEASE/spring-plugin-metadata-1.2.0.RELEASE.jar
2017-07-26 02:57:50,888 [Worker-116] INFO  o.e.m.c.i.e.AbstractTransferListenerAdapter - Downloaded https://repo.maven.apache.org/maven2/org/springframework/plugin/spring-plugin-metadata/1.2.0.RELEASE/spring-plugin-metadata-1.2.0.RELEASE.jar
2017-07-26 02:57:50,931 [Worker-116] INFO  o.e.m.c.i.e.AbstractTransferListenerAdapter - Downloading https://repo.maven.apache.org/maven2/org/springframework/hateoas/spring-hateoas/0.20.0.RELEASE/spring-hateoas-0.20.0.RELEASE.jar
2017-07-26 02:57:51,040 [Worker-116] INFO  o.e.m.c.i.e.AbstractTransferListenerAdapter - Downloaded https://repo.maven.apache.org/maven2/org/springframework/hateoas/spring-hateoas/0.20.0.RELEASE/spring-hateoas-0.20.0.RELEASE.jar
2017-07-26 02:59:03,176 [Worker-121] INFO  o.e.m.c.i.e.AbstractTransferListenerAdapter - Downloading https://repo.maven.apache.org/maven2/io/springfox/springfox-swagger-ui/2.2.2/springfox-swagger-ui-2.2.2.pom
2017-07-26 02:59:03,346 [Worker-121] INFO  o.e.m.c.i.e.AbstractTransferListenerAdapter - Downloaded https://repo.maven.apache.org/maven2/io/springfox/springfox-swagger-ui/2.2.2/springfox-swagger-ui-2.2.2.pom
2017-07-26 02:59:03,613 [Worker-120] INFO  o.e.m.c.i.l.LifecycleMappingFactory - Using org.eclipse.m2e.jdt.JarLifecycleMapping lifecycle mapping for MavenProject: codemind.travellplaner:TravelPlanner:0.0.1-SNAPSHOT @ C:\Users\savag\workspace\CodemindTaskTravelPlanner\TravelPlanner\pom.xml.
2017-07-26 02:59:04,191 [Worker-121] INFO  o.e.m.c.i.e.AbstractTransferListenerAdapter - Downloading https://repo.maven.apache.org/maven2/io/springfox/springfox-swagger-ui/2.2.2/springfox-swagger-ui-2.2.2.jar
2017-07-26 02:59:04,803 [Worker-121] INFO  o.e.m.c.i.e.AbstractTransferListenerAdapter - Downloaded https://repo.maven.apache.org/maven2/io/springfox/springfox-swagger-ui/2.2.2/springfox-swagger-ui-2.2.2.jar
2017-07-26 02:59:05,033 [Worker-120] INFO  o.e.m.c.i.e.AbstractTransferListenerAdapter - Downloading https://repo.maven.apache.org/maven2/io/springfox/springfox-swagger-ui/2.2.2/springfox-swagger-ui-2.2.2.jar
2017-07-26 02:59:05,503 [Worker-120] INFO  o.e.m.c.i.e.AbstractTransferListenerAdapter - Downloaded https://repo.maven.apache.org/maven2/io/springfox/springfox-swagger-ui/2.2.2/springfox-swagger-ui-2.2.2.jar
2017-07-26 02:59:07,854 [Worker-120] INFO  o.e.m.c.i.embedder.EclipseLogger - Using 'UTF-8' encoding to copy filtered resources.
2017-07-26 02:59:07,871 [Worker-120] INFO  o.e.m.c.i.embedder.EclipseLogger - Copying 0 resource
2017-07-26 02:59:07,884 [Worker-120] INFO  o.e.m.c.i.embedder.EclipseLogger - Copying 0 resource
2017-07-26 02:59:07,888 [Worker-120] INFO  o.e.m.c.i.embedder.EclipseLogger - Using 'UTF-8' encoding to copy filtered resources.
2017-07-26 02:59:07,905 [Worker-120] INFO  o.e.m.c.i.embedder.EclipseLogger - Copying 0 resource
2017-07-26 02:59:10,317 [Worker-120] INFO  o.e.m.c.i.embedder.EclipseLogger - Using 'UTF-8' encoding to copy filtered resources.
2017-07-26 02:59:10,318 [Worker-120] INFO  o.e.m.c.i.embedder.EclipseLogger - Copying 0 resource
2017-07-26 02:59:10,318 [Worker-120] INFO  o.e.m.c.i.embedder.EclipseLogger - Copying 0 resource
2017-07-26 02:59:10,329 [Worker-120] INFO  o.e.m.c.i.embedder.EclipseLogger - Using 'UTF-8' encoding to copy filtered resources.
2017-07-26 02:59:10,337 [Worker-120] INFO  o.e.m.c.i.embedder.EclipseLogger - Copying 0 resource
2017-07-26 03:04:20,239 [Worker-19] INFO  o.e.m.c.i.embedder.EclipseLogger - Using 'UTF-8' encoding to copy filtered resources.
2017-07-26 03:04:20,288 [Worker-19] INFO  o.e.m.c.i.embedder.EclipseLogger - Copying 0 resource
2017-07-26 03:04:20,296 [Worker-19] INFO  o.e.m.c.i.embedder.EclipseLogger - Copying 0 resource
2017-07-26 03:04:20,306 [Worker-19] INFO  o.e.m.c.i.embedder.EclipseLogger - Using 'UTF-8' encoding to copy filtered resources.
2017-07-26 03:04:20,314 [Worker-19] INFO  o.e.m.c.i.embedder.EclipseLogger - Copying 0 resource
2017-07-26 03:05:32,660 [Worker-120] INFO  o.e.m.c.i.embedder.EclipseLogger - Using 'UTF-8' encoding to copy filtered resources.
2017-07-26 03:05:32,668 [Worker-120] INFO  o.e.m.c.i.embedder.EclipseLogger - Copying 0 resource
2017-07-26 03:05:32,675 [Worker-120] INFO  o.e.m.c.i.embedder.EclipseLogger - Copying 0 resource
2017-07-26 03:05:32,698 [Worker-120] INFO  o.e.m.c.i.embedder.EclipseLogger - Using 'UTF-8' encoding to copy filtered resources.
2017-07-26 03:05:32,698 [Worker-120] INFO  o.e.m.c.i.embedder.EclipseLogger - Copying 0 resource
2017-07-26 03:06:05,487 [Worker-19] INFO  o.e.m.c.i.embedder.EclipseLogger - Using 'UTF-8' encoding to copy filtered resources.
2017-07-26 03:06:05,487 [Worker-19] INFO  o.e.m.c.i.embedder.EclipseLogger - Copying 0 resource
2017-07-26 03:06:05,488 [Worker-19] INFO  o.e.m.c.i.embedder.EclipseLogger - Copying 0 resource
2017-07-26 03:06:05,491 [Worker-19] INFO  o.e.m.c.i.embedder.EclipseLogger - Using 'UTF-8' encoding to copy filtered resources.
2017-07-26 03:06:05,499 [Worker-19] INFO  o.e.m.c.i.embedder.EclipseLogger - Copying 0 resource
2017-07-26 03:09:47,685 [Worker-121] INFO  o.e.m.c.i.embedder.EclipseLogger - Using 'UTF-8' encoding to copy filtered resources.
2017-07-26 03:09:47,705 [Worker-121] INFO  o.e.m.c.i.embedder.EclipseLogger - Copying 0 resource
2017-07-26 03:09:47,715 [Worker-121] INFO  o.e.m.c.i.embedder.EclipseLogger - Copying 0 resource
2017-07-26 03:09:47,729 [Worker-121] INFO  o.e.m.c.i.embedder.EclipseLogger - Using 'UTF-8' encoding to copy filtered resources.
2017-07-26 03:09:47,730 [Worker-121] INFO  o.e.m.c.i.embedder.EclipseLogger - Copying 0 resource
2017-07-26 04:00:11,757 [Worker-146] INFO  o.e.m.c.i.embedder.EclipseLogger - Using 'UTF-8' encoding to copy filtered resources.
2017-07-26 04:00:11,760 [Worker-146] INFO  o.e.m.c.i.embedder.EclipseLogger - Copying 0 resource
2017-07-26 04:00:11,768 [Worker-146] INFO  o.e.m.c.i.embedder.EclipseLogger - Copying 0 resource
2017-07-26 04:00:11,778 [Worker-146] INFO  o.e.m.c.i.embedder.EclipseLogger - Using 'UTF-8' encoding to copy filtered resources.
2017-07-26 04:00:11,785 [Worker-146] INFO  o.e.m.c.i.embedder.EclipseLogger - Copying 0 resource
2017-07-26 04:19:32,277 [Worker-150] INFO  o.e.m.c.i.embedder.EclipseLogger - Using 'UTF-8' encoding to copy filtered resources.
2017-07-26 04:19:32,287 [Worker-150] INFO  o.e.m.c.i.embedder.EclipseLogger - Copying 0 resource
2017-07-26 04:19:32,301 [Worker-150] INFO  o.e.m.c.i.embedder.EclipseLogger - Copying 0 resource
2017-07-26 04:19:32,432 [Worker-150] INFO  o.e.m.c.i.embedder.EclipseLogger - Using 'UTF-8' encoding to copy filtered resources.
2017-07-26 04:19:32,434 [Worker-150] INFO  o.e.m.c.i.embedder.EclipseLogger - Copying 0 resource
2017-07-26 04:21:57,410 [Worker-150] INFO  o.e.m.c.i.embedder.EclipseLogger - Using 'UTF-8' encoding to copy filtered resources.
2017-07-26 04:21:57,411 [Worker-150] INFO  o.e.m.c.i.embedder.EclipseLogger - Copying 0 resource
2017-07-26 04:21:57,411 [Worker-150] INFO  o.e.m.c.i.embedder.EclipseLogger - Copying 0 resource
2017-07-26 04:21:57,413 [Worker-150] INFO  o.e.m.c.i.embedder.EclipseLogger - Using 'UTF-8' encoding to copy filtered resources.
2017-07-26 04:21:57,422 [Worker-150] INFO  o.e.m.c.i.embedder.EclipseLogger - Copying 0 resource
2017-07-26 04:43:00,152 [Worker-162] INFO  o.e.m.c.i.embedder.EclipseLogger - Using 'UTF-8' encoding to copy filtered resources.
2017-07-26 04:43:00,159 [Worker-162] INFO  o.e.m.c.i.embedder.EclipseLogger - Copying 0 resource
2017-07-26 04:43:00,166 [Worker-162] INFO  o.e.m.c.i.embedder.EclipseLogger - Copying 0 resource
2017-07-26 04:43:00,174 [Worker-162] INFO  o.e.m.c.i.embedder.EclipseLogger - Using 'UTF-8' encoding to copy filtered resources.
2017-07-26 04:43:00,174 [Worker-162] INFO  o.e.m.c.i.embedder.EclipseLogger - Copying 0 resource
2017-07-26 04:44:18,226 [Worker-161] INFO  o.e.m.c.i.embedder.EclipseLogger - Using 'UTF-8' encoding to copy filtered resources.
2017-07-26 04:44:18,227 [Worker-161] INFO  o.e.m.c.i.embedder.EclipseLogger - Copying 0 resource
2017-07-26 04:44:18,240 [Worker-161] INFO  o.e.m.c.i.embedder.EclipseLogger - Copying 0 resource
2017-07-26 04:44:18,249 [Worker-161] INFO  o.e.m.c.i.embedder.EclipseLogger - Using 'UTF-8' encoding to copy filtered resources.
2017-07-26 04:44:18,257 [Worker-161] INFO  o.e.m.c.i.embedder.EclipseLogger - Copying 0 resource
2017-07-26 04:44:26,584 [Worker-163] INFO  o.e.m.c.i.embedder.EclipseLogger - Using 'UTF-8' encoding to copy filtered resources.
2017-07-26 04:44:26,598 [Worker-163] INFO  o.e.m.c.i.embedder.EclipseLogger - Copying 0 resource
2017-07-26 04:44:26,649 [Worker-163] INFO  o.e.m.c.i.embedder.EclipseLogger - Copying 0 resource
2017-07-26 04:44:26,657 [Worker-163] INFO  o.e.m.c.i.embedder.EclipseLogger - Using 'UTF-8' encoding to copy filtered resources.
2017-07-26 04:44:26,657 [Worker-163] INFO  o.e.m.c.i.embedder.EclipseLogger - Copying 0 resource
2017-07-26 04:44:56,900 [Worker-161] INFO  o.e.m.c.i.embedder.EclipseLogger - Using 'UTF-8' encoding to copy filtered resources.
2017-07-26 04:44:56,901 [Worker-161] INFO  o.e.m.c.i.embedder.EclipseLogger - Copying 0 resource
2017-07-26 04:44:56,901 [Worker-161] INFO  o.e.m.c.i.embedder.EclipseLogger - Copying 0 resource
2017-07-26 04:44:56,903 [Worker-161] INFO  o.e.m.c.i.embedder.EclipseLogger - Using 'UTF-8' encoding to copy filtered resources.
2017-07-26 04:44:56,909 [Worker-161] INFO  o.e.m.c.i.embedder.EclipseLogger - Copying 0 resource
2017-07-26 04:46:37,646 [Worker-163] INFO  o.e.m.c.i.embedder.EclipseLogger - Using 'UTF-8' encoding to copy filtered resources.
2017-07-26 04:46:37,653 [Worker-163] INFO  o.e.m.c.i.embedder.EclipseLogger - Copying 0 resource
2017-07-26 04:46:37,662 [Worker-163] INFO  o.e.m.c.i.embedder.EclipseLogger - Copying 0 resource
2017-07-26 04:46:37,670 [Worker-163] INFO  o.e.m.c.i.embedder.EclipseLogger - Using 'UTF-8' encoding to copy filtered resources.
2017-07-26 04:46:37,672 [Worker-163] INFO  o.e.m.c.i.embedder.EclipseLogger - Copying 0 resource
2017-07-26 04:48:53,567 [Worker-162] INFO  o.e.m.c.i.embedder.EclipseLogger - Using 'UTF-8' encoding to copy filtered resources.
2017-07-26 04:48:53,567 [Worker-162] INFO  o.e.m.c.i.embedder.EclipseLogger - Copying 0 resource
2017-07-26 04:48:53,606 [Worker-162] INFO  o.e.m.c.i.embedder.EclipseLogger - Copying 0 resource
2017-07-26 04:48:53,620 [Worker-162] INFO  o.e.m.c.i.embedder.EclipseLogger - Using 'UTF-8' encoding to copy filtered resources.
2017-07-26 04:48:53,637 [Worker-162] INFO  o.e.m.c.i.embedder.EclipseLogger - Copying 0 resource
2017-07-26 04:51:29,081 [Worker-165] INFO  o.e.m.c.i.embedder.EclipseLogger - Using 'UTF-8' encoding to copy filtered resources.
2017-07-26 04:51:29,087 [Worker-165] INFO  o.e.m.c.i.embedder.EclipseLogger - Copying 0 resource
2017-07-26 04:51:29,093 [Worker-165] INFO  o.e.m.c.i.embedder.EclipseLogger - Copying 0 resource
2017-07-26 04:51:29,130 [Worker-165] INFO  o.e.m.c.i.embedder.EclipseLogger - Using 'UTF-8' encoding to copy filtered resources.
2017-07-26 04:51:29,131 [Worker-165] INFO  o.e.m.c.i.embedder.EclipseLogger - Copying 0 resource
2017-07-26 04:52:28,589 [Worker-165] INFO  o.e.m.c.i.embedder.EclipseLogger - Using 'UTF-8' encoding to copy filtered resources.
2017-07-26 04:52:28,590 [Worker-165] INFO  o.e.m.c.i.embedder.EclipseLogger - Copying 0 resource
2017-07-26 04:52:28,590 [Worker-165] INFO  o.e.m.c.i.embedder.EclipseLogger - Copying 0 resource
2017-07-26 04:52:28,592 [Worker-165] INFO  o.e.m.c.i.embedder.EclipseLogger - Using 'UTF-8' encoding to copy filtered resources.
2017-07-26 04:52:28,593 [Worker-165] INFO  o.e.m.c.i.embedder.EclipseLogger - Copying 0 resource
2017-07-26 04:54:38,094 [Worker-167] INFO  o.e.m.c.i.embedder.EclipseLogger - Using 'UTF-8' encoding to copy filtered resources.
2017-07-26 04:54:38,095 [Worker-167] INFO  o.e.m.c.i.embedder.EclipseLogger - Copying 0 resource
2017-07-26 04:54:38,095 [Worker-167] INFO  o.e.m.c.i.embedder.EclipseLogger - Copying 0 resource
2017-07-26 04:54:38,111 [Worker-167] INFO  o.e.m.c.i.embedder.EclipseLogger - Using 'UTF-8' encoding to copy filtered resources.
2017-07-26 04:54:38,136 [Worker-167] INFO  o.e.m.c.i.embedder.EclipseLogger - Copying 0 resource
2017-07-26 04:59:23,800 [Worker-167] INFO  o.e.m.c.i.embedder.EclipseLogger - Using 'UTF-8' encoding to copy filtered resources.
2017-07-26 04:59:23,801 [Worker-167] INFO  o.e.m.c.i.embedder.EclipseLogger - Copying 0 resource
2017-07-26 04:59:23,810 [Worker-167] INFO  o.e.m.c.i.embedder.EclipseLogger - Copying 0 resource
2017-07-26 04:59:23,820 [Worker-167] INFO  o.e.m.c.i.embedder.EclipseLogger - Using 'UTF-8' encoding to copy filtered resources.
2017-07-26 04:59:23,826 [Worker-167] INFO  o.e.m.c.i.embedder.EclipseLogger - Copying 0 resource
2017-07-26 05:00:16,415 [Worker-167] INFO  o.e.m.c.i.embedder.EclipseLogger - Using 'UTF-8' encoding to copy filtered resources.
2017-07-26 05:00:16,421 [Worker-167] INFO  o.e.m.c.i.embedder.EclipseLogger - Copying 0 resource
2017-07-26 05:00:16,435 [Worker-167] INFO  o.e.m.c.i.embedder.EclipseLogger - Copying 0 resource
2017-07-26 05:00:16,444 [Worker-167] INFO  o.e.m.c.i.embedder.EclipseLogger - Using 'UTF-8' encoding to copy filtered resources.
2017-07-26 05:00:16,444 [Worker-167] INFO  o.e.m.c.i.embedder.EclipseLogger - Copying 0 resource
2017-07-26 05:00:46,485 [Worker-167] INFO  o.e.m.c.i.embedder.EclipseLogger - Using 'UTF-8' encoding to copy filtered resources.
2017-07-26 05:00:46,485 [Worker-167] INFO  o.e.m.c.i.embedder.EclipseLogger - Copying 0 resource
2017-07-26 05:00:46,485 [Worker-167] INFO  o.e.m.c.i.embedder.EclipseLogger - Copying 0 resource
2017-07-26 05:00:46,487 [Worker-167] INFO  o.e.m.c.i.embedder.EclipseLogger - Using 'UTF-8' encoding to copy filtered resources.
2017-07-26 05:00:46,496 [Worker-167] INFO  o.e.m.c.i.embedder.EclipseLogger - Copying 0 resource
2017-07-26 05:05:46,706 [Worker-170] INFO  o.e.m.c.i.embedder.EclipseLogger - Using 'UTF-8' encoding to copy filtered resources.
2017-07-26 05:05:46,718 [Worker-170] INFO  o.e.m.c.i.embedder.EclipseLogger - Copying 0 resource
2017-07-26 05:05:46,724 [Worker-170] INFO  o.e.m.c.i.embedder.EclipseLogger - Copying 0 resource
2017-07-26 05:05:46,732 [Worker-170] INFO  o.e.m.c.i.embedder.EclipseLogger - Using 'UTF-8' encoding to copy filtered resources.
2017-07-26 05:05:46,732 [Worker-170] INFO  o.e.m.c.i.embedder.EclipseLogger - Copying 0 resource
2017-07-26 05:07:32,431 [Worker-171] INFO  o.e.m.c.i.embedder.EclipseLogger - Using 'UTF-8' encoding to copy filtered resources.
2017-07-26 05:07:32,433 [Worker-171] INFO  o.e.m.c.i.embedder.EclipseLogger - Copying 0 resource
2017-07-26 05:07:32,439 [Worker-171] INFO  o.e.m.c.i.embedder.EclipseLogger - Copying 0 resource
2017-07-26 05:07:32,447 [Worker-171] INFO  o.e.m.c.i.embedder.EclipseLogger - Using 'UTF-8' encoding to copy filtered resources.
2017-07-26 05:07:32,453 [Worker-171] INFO  o.e.m.c.i.embedder.EclipseLogger - Copying 0 resource
2017-07-26 05:15:12,622 [Worker-171] INFO  o.e.m.c.i.l.LifecycleMappingFactory - Using org.eclipse.m2e.jdt.JarLifecycleMapping lifecycle mapping for MavenProject: codemind.travellplaner:TravelPlanner:0.0.1-SNAPSHOT @ C:\Users\savag\workspace\CodemindTaskTravelPlanner\TravelPlanner\pom.xml.
2017-07-26 05:15:25,170 [Worker-171] INFO  o.e.m.c.i.embedder.EclipseLogger - Using 'UTF-8' encoding to copy filtered resources.
2017-07-26 05:15:25,190 [Worker-171] INFO  o.e.m.c.i.embedder.EclipseLogger - Copying 0 resource
2017-07-26 05:15:25,201 [Worker-171] INFO  o.e.m.c.i.embedder.EclipseLogger - Copying 0 resource
2017-07-26 05:15:25,205 [Worker-171] INFO  o.e.m.c.i.embedder.EclipseLogger - Using 'UTF-8' encoding to copy filtered resources.
2017-07-26 05:15:25,213 [Worker-171] INFO  o.e.m.c.i.embedder.EclipseLogger - Copying 0 resource
2017-07-26 05:15:46,210 [Worker-171] INFO  o.e.m.c.i.embedder.EclipseLogger - Using 'UTF-8' encoding to copy filtered resources.
2017-07-26 05:15:46,211 [Worker-171] INFO  o.e.m.c.i.embedder.EclipseLogger - Copying 0 resource
2017-07-26 05:15:46,212 [Worker-171] INFO  o.e.m.c.i.embedder.EclipseLogger - Copying 0 resource
2017-07-26 05:15:46,220 [Worker-171] INFO  o.e.m.c.i.embedder.EclipseLogger - Using 'UTF-8' encoding to copy filtered resources.
2017-07-26 05:15:46,230 [Worker-171] INFO  o.e.m.c.i.embedder.EclipseLogger - Copying 0 resource
2017-07-26 05:20:41,990 [Worker-180] INFO  o.e.m.c.i.embedder.EclipseLogger - Using 'UTF-8' encoding to copy filtered resources.
2017-07-26 05:20:42,213 [Worker-180] INFO  o.e.m.c.i.embedder.EclipseLogger - Copying 1 resource
2017-07-26 05:20:42,850 [Worker-180] INFO  o.e.m.c.i.embedder.EclipseLogger - Copying 0 resource
2017-07-26 05:20:42,864 [Worker-180] INFO  o.e.m.c.i.embedder.EclipseLogger - Using 'UTF-8' encoding to copy filtered resources.
2017-07-26 05:20:42,870 [Worker-180] INFO  o.e.m.c.i.embedder.EclipseLogger - Copying 0 resource
2017-07-26 05:21:30,985 [Worker-178] INFO  o.e.m.c.i.embedder.EclipseLogger - Using 'UTF-8' encoding to copy filtered resources.
2017-07-26 05:21:30,993 [Worker-178] INFO  o.e.m.c.i.embedder.EclipseLogger - Copying 1 resource
2017-07-26 05:21:31,012 [Worker-178] INFO  o.e.m.c.i.embedder.EclipseLogger - Copying 0 resource
2017-07-26 05:21:31,221 [Worker-178] INFO  o.e.m.c.i.embedder.EclipseLogger - Using 'UTF-8' encoding to copy filtered resources.
2017-07-26 05:21:31,221 [Worker-178] INFO  o.e.m.c.i.embedder.EclipseLogger - Copying 0 resource
2017-07-26 05:21:56,455 [Worker-181] INFO  o.e.m.c.i.embedder.EclipseLogger - Using 'UTF-8' encoding to copy filtered resources.
2017-07-26 05:21:56,456 [Worker-181] INFO  o.e.m.c.i.embedder.EclipseLogger - Copying 1 resource
2017-07-26 05:21:56,543 [Worker-181] INFO  o.e.m.c.i.embedder.EclipseLogger - Copying 0 resource
2017-07-26 05:21:56,548 [Worker-181] INFO  o.e.m.c.i.embedder.EclipseLogger - Using 'UTF-8' encoding to copy filtered resources.
2017-07-26 05:21:56,572 [Worker-181] INFO  o.e.m.c.i.embedder.EclipseLogger - Copying 0 resource
2017-07-26 05:22:40,379 [Worker-179] INFO  o.e.m.c.i.embedder.EclipseLogger - Using 'UTF-8' encoding to copy filtered resources.
2017-07-26 05:22:40,386 [Worker-179] INFO  o.e.m.c.i.embedder.EclipseLogger - Copying 1 resource
2017-07-26 05:22:40,397 [Worker-179] INFO  o.e.m.c.i.embedder.EclipseLogger - Copying 0 resource
2017-07-26 05:22:40,406 [Worker-179] INFO  o.e.m.c.i.embedder.EclipseLogger - Using 'UTF-8' encoding to copy filtered resources.
2017-07-26 05:22:40,407 [Worker-179] INFO  o.e.m.c.i.embedder.EclipseLogger - Copying 0 resource
2017-07-26 05:22:44,346 [Worker-181] INFO  o.e.m.c.i.embedder.EclipseLogger - Using 'UTF-8' encoding to copy filtered resources.
2017-07-26 05:22:44,346 [Worker-181] INFO  o.e.m.c.i.embedder.EclipseLogger - Copying 1 resource
2017-07-26 05:22:44,357 [Worker-181] INFO  o.e.m.c.i.embedder.EclipseLogger - Copying 0 resource
2017-07-26 05:22:44,367 [Worker-181] INFO  o.e.m.c.i.embedder.EclipseLogger - Using 'UTF-8' encoding to copy filtered resources.
2017-07-26 05:22:44,373 [Worker-181] INFO  o.e.m.c.i.embedder.EclipseLogger - Copying 0 resource
2017-07-26 05:23:51,909 [Worker-177] INFO  o.e.m.c.i.embedder.EclipseLogger - Using 'UTF-8' encoding to copy filtered resources.
2017-07-26 05:23:51,918 [Worker-177] INFO  o.e.m.c.i.embedder.EclipseLogger - Copying 1 resource
2017-07-26 05:23:51,929 [Worker-177] INFO  o.e.m.c.i.embedder.EclipseLogger - Copying 0 resource
2017-07-26 05:23:51,947 [Worker-177] INFO  o.e.m.c.i.embedder.EclipseLogger - Using 'UTF-8' encoding to copy filtered resources.
2017-07-26 05:23:51,948 [Worker-177] INFO  o.e.m.c.i.embedder.EclipseLogger - Copying 0 resource
2017-07-26 05:24:37,075 [Worker-180] INFO  o.e.m.c.i.embedder.EclipseLogger - Using 'UTF-8' encoding to copy filtered resources.
2017-07-26 05:24:37,076 [Worker-180] INFO  o.e.m.c.i.embedder.EclipseLogger - Copying 1 resource
2017-07-26 05:24:37,080 [Worker-180] INFO  o.e.m.c.i.embedder.EclipseLogger - Copying 0 resource
2017-07-26 05:24:37,082 [Worker-180] INFO  o.e.m.c.i.embedder.EclipseLogger - Using 'UTF-8' encoding to copy filtered resources.
2017-07-26 05:24:37,089 [Worker-180] INFO  o.e.m.c.i.embedder.EclipseLogger - Copying 0 resource
2017-07-26 05:29:21,647 [Worker-179] INFO  o.e.m.c.i.embedder.EclipseLogger - Using 'UTF-8' encoding to copy filtered resources.
2017-07-26 05:29:21,661 [Worker-179] INFO  o.e.m.c.i.embedder.EclipseLogger - Copying 1 resource
2017-07-26 05:29:21,670 [Worker-179] INFO  o.e.m.c.i.embedder.EclipseLogger - Copying 0 resource
2017-07-26 05:29:21,680 [Worker-179] INFO  o.e.m.c.i.embedder.EclipseLogger - Using 'UTF-8' encoding to copy filtered resources.
2017-07-26 05:29:21,681 [Worker-179] INFO  o.e.m.c.i.embedder.EclipseLogger - Copying 0 resource
2017-07-26 05:29:55,682 [Worker-182] INFO  o.e.m.c.i.embedder.EclipseLogger - Using 'UTF-8' encoding to copy filtered resources.
2017-07-26 05:29:55,683 [Worker-182] INFO  o.e.m.c.i.embedder.EclipseLogger - Copying 1 resource
2017-07-26 05:29:55,699 [Worker-182] INFO  o.e.m.c.i.embedder.EclipseLogger - Copying 0 resource
2017-07-26 05:29:55,712 [Worker-182] INFO  o.e.m.c.i.embedder.EclipseLogger - Using 'UTF-8' encoding to copy filtered resources.
2017-07-26 05:29:55,720 [Worker-182] INFO  o.e.m.c.i.embedder.EclipseLogger - Copying 0 resource
2017-07-26 05:30:50,015 [Worker-171] INFO  o.e.m.c.i.embedder.EclipseLogger - Using 'UTF-8' encoding to copy filtered resources.
2017-07-26 05:30:50,022 [Worker-171] INFO  o.e.m.c.i.embedder.EclipseLogger - Copying 1 resource
2017-07-26 05:30:50,031 [Worker-171] INFO  o.e.m.c.i.embedder.EclipseLogger - Copying 0 resource
2017-07-26 05:30:50,039 [Worker-171] INFO  o.e.m.c.i.embedder.EclipseLogger - Using 'UTF-8' encoding to copy filtered resources.
2017-07-26 05:30:50,039 [Worker-171] INFO  o.e.m.c.i.embedder.EclipseLogger - Copying 0 resource
2017-07-26 05:30:58,471 [Worker-183] INFO  o.e.m.c.i.embedder.EclipseLogger - Using 'UTF-8' encoding to copy filtered resources.
2017-07-26 05:30:58,472 [Worker-183] INFO  o.e.m.c.i.embedder.EclipseLogger - Copying 1 resource
2017-07-26 05:30:58,482 [Worker-183] INFO  o.e.m.c.i.embedder.EclipseLogger - Copying 0 resource
2017-07-26 05:30:58,526 [Worker-183] INFO  o.e.m.c.i.embedder.EclipseLogger - Using 'UTF-8' encoding to copy filtered resources.
2017-07-26 05:30:58,526 [Worker-183] INFO  o.e.m.c.i.embedder.EclipseLogger - Copying 0 resource
2017-07-26 05:35:33,212 [Worker-185] INFO  o.e.m.c.i.embedder.EclipseLogger - Using 'UTF-8' encoding to copy filtered resources.
2017-07-26 05:35:33,214 [Worker-185] INFO  o.e.m.c.i.embedder.EclipseLogger - Copying 0 resource
2017-07-26 05:35:33,214 [Worker-185] INFO  o.e.m.c.i.embedder.EclipseLogger - Copying 0 resource
2017-07-26 05:35:33,228 [Worker-185] INFO  o.e.m.c.i.embedder.EclipseLogger - Using 'UTF-8' encoding to copy filtered resources.
2017-07-26 05:35:33,229 [Worker-185] INFO  o.e.m.c.i.embedder.EclipseLogger - Copying 0 resource
2017-07-26 05:52:53,807 [Worker-187] INFO  o.e.m.c.i.embedder.EclipseLogger - Using 'UTF-8' encoding to copy filtered resources.
2017-07-26 05:52:53,808 [Worker-187] INFO  o.e.m.c.i.embedder.EclipseLogger - Copying 0 resource
2017-07-26 05:52:53,816 [Worker-187] INFO  o.e.m.c.i.embedder.EclipseLogger - Copying 0 resource
2017-07-26 05:52:53,941 [Worker-187] INFO  o.e.m.c.i.embedder.EclipseLogger - Using 'UTF-8' encoding to copy filtered resources.
2017-07-26 05:52:54,007 [Worker-187] INFO  o.e.m.c.i.embedder.EclipseLogger - Copying 0 resource
2017-07-26 05:53:55,855 [Worker-187] INFO  o.e.m.c.i.embedder.EclipseLogger - Using 'UTF-8' encoding to copy filtered resources.
2017-07-26 05:53:55,875 [Worker-187] INFO  o.e.m.c.i.embedder.EclipseLogger - Copying 0 resource
2017-07-26 05:53:55,889 [Worker-187] INFO  o.e.m.c.i.embedder.EclipseLogger - Copying 0 resource
2017-07-26 05:53:55,899 [Worker-187] INFO  o.e.m.c.i.embedder.EclipseLogger - Using 'UTF-8' encoding to copy filtered resources.
2017-07-26 05:53:55,903 [Worker-187] INFO  o.e.m.c.i.embedder.EclipseLogger - Copying 0 resource
2017-07-26 05:54:30,679 [Worker-187] INFO  o.e.m.c.i.embedder.EclipseLogger - Using 'UTF-8' encoding to copy filtered resources.
2017-07-26 05:54:30,679 [Worker-187] INFO  o.e.m.c.i.embedder.EclipseLogger - Copying 0 resource
2017-07-26 05:54:30,679 [Worker-187] INFO  o.e.m.c.i.embedder.EclipseLogger - Copying 0 resource
2017-07-26 05:54:30,682 [Worker-187] INFO  o.e.m.c.i.embedder.EclipseLogger - Using 'UTF-8' encoding to copy filtered resources.
2017-07-26 05:54:30,689 [Worker-187] INFO  o.e.m.c.i.embedder.EclipseLogger - Copying 0 resource
2017-07-26 05:58:39,306 [Worker-189] INFO  o.e.m.c.i.embedder.EclipseLogger - Using 'UTF-8' encoding to copy filtered resources.
2017-07-26 05:58:39,313 [Worker-189] INFO  o.e.m.c.i.embedder.EclipseLogger - Copying 0 resource
2017-07-26 05:58:39,319 [Worker-189] INFO  o.e.m.c.i.embedder.EclipseLogger - Copying 0 resource
2017-07-26 05:58:39,327 [Worker-189] INFO  o.e.m.c.i.embedder.EclipseLogger - Using 'UTF-8' encoding to copy filtered resources.
2017-07-26 05:58:39,327 [Worker-189] INFO  o.e.m.c.i.embedder.EclipseLogger - Copying 0 resource
2017-07-26 06:01:04,391 [Worker-190] INFO  o.e.m.c.i.embedder.EclipseLogger - Using 'UTF-8' encoding to copy filtered resources.
2017-07-26 06:01:04,391 [Worker-190] INFO  o.e.m.c.i.embedder.EclipseLogger - Copying 0 resource
2017-07-26 06:01:04,406 [Worker-190] INFO  o.e.m.c.i.embedder.EclipseLogger - Copying 0 resource
2017-07-26 06:01:04,437 [Worker-190] INFO  o.e.m.c.i.embedder.EclipseLogger - Using 'UTF-8' encoding to copy filtered resources.
2017-07-26 06:01:04,445 [Worker-190] INFO  o.e.m.c.i.embedder.EclipseLogger - Copying 0 resource
2017-07-26 06:01:37,219 [Worker-193] INFO  o.e.m.c.i.embedder.EclipseLogger - Using 'UTF-8' encoding to copy filtered resources.
2017-07-26 06:01:37,233 [Worker-193] INFO  o.e.m.c.i.embedder.EclipseLogger - Copying 0 resource
2017-07-26 06:01:37,249 [Worker-193] INFO  o.e.m.c.i.embedder.EclipseLogger - Copying 0 resource
2017-07-26 06:01:37,266 [Worker-193] INFO  o.e.m.c.i.embedder.EclipseLogger - Using 'UTF-8' encoding to copy filtered resources.
2017-07-26 06:01:37,267 [Worker-193] INFO  o.e.m.c.i.embedder.EclipseLogger - Copying 0 resource
2017-07-26 06:02:08,637 [Worker-192] INFO  o.e.m.c.i.embedder.EclipseLogger - Using 'UTF-8' encoding to copy filtered resources.
2017-07-26 06:02:08,637 [Worker-192] INFO  o.e.m.c.i.embedder.EclipseLogger - Copying 0 resource
2017-07-26 06:02:08,637 [Worker-192] INFO  o.e.m.c.i.embedder.EclipseLogger - Copying 0 resource
2017-07-26 06:02:08,639 [Worker-192] INFO  o.e.m.c.i.embedder.EclipseLogger - Using 'UTF-8' encoding to copy filtered resources.
2017-07-26 06:02:08,640 [Worker-192] INFO  o.e.m.c.i.embedder.EclipseLogger - Copying 0 resource
2017-07-26 06:03:36,358 [Worker-190] INFO  o.e.m.c.i.embedder.EclipseLogger - Using 'UTF-8' encoding to copy filtered resources.
2017-07-26 06:03:36,359 [Worker-190] INFO  o.e.m.c.i.embedder.EclipseLogger - Copying 0 resource
2017-07-26 06:03:36,359 [Worker-190] INFO  o.e.m.c.i.embedder.EclipseLogger - Copying 0 resource
2017-07-26 06:03:36,373 [Worker-190] INFO  o.e.m.c.i.embedder.EclipseLogger - Using 'UTF-8' encoding to copy filtered resources.
2017-07-26 06:03:36,374 [Worker-190] INFO  o.e.m.c.i.embedder.EclipseLogger - Copying 0 resource
2017-07-26 06:07:00,287 [Worker-190] INFO  o.e.m.c.i.embedder.EclipseLogger - Using 'UTF-8' encoding to copy filtered resources.
2017-07-26 06:07:00,287 [Worker-190] INFO  o.e.m.c.i.embedder.EclipseLogger - Copying 0 resource
2017-07-26 06:07:00,294 [Worker-190] INFO  o.e.m.c.i.embedder.EclipseLogger - Copying 0 resource
2017-07-26 06:07:00,303 [Worker-190] INFO  o.e.m.c.i.embedder.EclipseLogger - Using 'UTF-8' encoding to copy filtered resources.
2017-07-26 06:07:00,311 [Worker-190] INFO  o.e.m.c.i.embedder.EclipseLogger - Copying 0 resource
2017-07-26 06:07:18,701 [Worker-190] INFO  o.e.m.c.i.embedder.EclipseLogger - Using 'UTF-8' encoding to copy filtered resources.
2017-07-26 06:07:18,709 [Worker-190] INFO  o.e.m.c.i.embedder.EclipseLogger - Copying 0 resource
2017-07-26 06:07:18,716 [Worker-190] INFO  o.e.m.c.i.embedder.EclipseLogger - Copying 0 resource
2017-07-26 06:07:18,724 [Worker-190] INFO  o.e.m.c.i.embedder.EclipseLogger - Using 'UTF-8' encoding to copy filtered resources.
2017-07-26 06:07:18,725 [Worker-190] INFO  o.e.m.c.i.embedder.EclipseLogger - Copying 0 resource
2017-07-26 06:07:21,501 [Worker-189] INFO  o.e.m.c.i.embedder.EclipseLogger - Using 'UTF-8' encoding to copy filtered resources.
2017-07-26 06:07:21,501 [Worker-189] INFO  o.e.m.c.i.embedder.EclipseLogger - Copying 0 resource
2017-07-26 06:07:21,502 [Worker-189] INFO  o.e.m.c.i.embedder.EclipseLogger - Copying 0 resource
2017-07-26 06:07:21,506 [Worker-189] INFO  o.e.m.c.i.embedder.EclipseLogger - Using 'UTF-8' encoding to copy filtered resources.
2017-07-26 06:07:21,523 [Worker-189] INFO  o.e.m.c.i.embedder.EclipseLogger - Copying 0 resource
2017-07-26 06:08:43,973 [Worker-191] INFO  o.e.m.c.i.embedder.EclipseLogger - Using 'UTF-8' encoding to copy filtered resources.
2017-07-26 06:08:43,980 [Worker-191] INFO  o.e.m.c.i.embedder.EclipseLogger - Copying 0 resource
2017-07-26 06:08:43,986 [Worker-191] INFO  o.e.m.c.i.embedder.EclipseLogger - Copying 0 resource
2017-07-26 06:08:43,994 [Worker-191] INFO  o.e.m.c.i.embedder.EclipseLogger - Using 'UTF-8' encoding to copy filtered resources.
2017-07-26 06:08:43,995 [Worker-191] INFO  o.e.m.c.i.embedder.EclipseLogger - Copying 0 resource
2017-07-26 06:09:21,786 [Worker-191] INFO  o.e.m.c.i.embedder.EclipseLogger - Using 'UTF-8' encoding to copy filtered resources.
2017-07-26 06:09:21,789 [Worker-191] INFO  o.e.m.c.i.embedder.EclipseLogger - Copying 0 resource
2017-07-26 06:09:21,802 [Worker-191] INFO  o.e.m.c.i.embedder.EclipseLogger - Copying 0 resource
2017-07-26 06:09:21,817 [Worker-191] INFO  o.e.m.c.i.embedder.EclipseLogger - Using 'UTF-8' encoding to copy filtered resources.
2017-07-26 06:09:21,824 [Worker-191] INFO  o.e.m.c.i.embedder.EclipseLogger - Copying 0 resource
2017-07-26 06:09:46,865 [Worker-191] INFO  o.e.m.c.i.embedder.EclipseLogger - Using 'UTF-8' encoding to copy filtered resources.
2017-07-26 06:09:46,871 [Worker-191] INFO  o.e.m.c.i.embedder.EclipseLogger - Copying 0 resource
2017-07-26 06:09:46,877 [Worker-191] INFO  o.e.m.c.i.embedder.EclipseLogger - Copying 0 resource
2017-07-26 06:09:46,885 [Worker-191] INFO  o.e.m.c.i.embedder.EclipseLogger - Using 'UTF-8' encoding to copy filtered resources.
2017-07-26 06:09:46,885 [Worker-191] INFO  o.e.m.c.i.embedder.EclipseLogger - Copying 0 resource
2017-07-26 06:11:44,937 [Worker-190] INFO  o.e.m.c.i.embedder.EclipseLogger - Using 'UTF-8' encoding to copy filtered resources.
2017-07-26 06:11:44,937 [Worker-190] INFO  o.e.m.c.i.embedder.EclipseLogger - Copying 0 resource
2017-07-26 06:11:44,938 [Worker-190] INFO  o.e.m.c.i.embedder.EclipseLogger - Copying 0 resource
2017-07-26 06:11:44,940 [Worker-190] INFO  o.e.m.c.i.embedder.EclipseLogger - Using 'UTF-8' encoding to copy filtered resources.
2017-07-26 06:11:44,940 [Worker-190] INFO  o.e.m.c.i.embedder.EclipseLogger - Copying 0 resource
2017-07-26 06:13:51,915 [Worker-192] INFO  o.e.m.c.i.embedder.EclipseLogger - Using 'UTF-8' encoding to copy filtered resources.
2017-07-26 06:13:51,915 [Worker-192] INFO  o.e.m.c.i.embedder.EclipseLogger - Copying 0 resource
2017-07-26 06:13:51,915 [Worker-192] INFO  o.e.m.c.i.embedder.EclipseLogger - Copying 0 resource
2017-07-26 06:13:51,939 [Worker-192] INFO  o.e.m.c.i.embedder.EclipseLogger - Using 'UTF-8' encoding to copy filtered resources.
2017-07-26 06:13:51,939 [Worker-192] INFO  o.e.m.c.i.embedder.EclipseLogger - Copying 0 resource
2017-07-26 06:15:53,957 [Worker-190] INFO  o.e.m.c.i.embedder.EclipseLogger - Using 'UTF-8' encoding to copy filtered resources.
2017-07-26 06:15:53,958 [Worker-190] INFO  o.e.m.c.i.embedder.EclipseLogger - Copying 0 resource
2017-07-26 06:15:53,965 [Worker-190] INFO  o.e.m.c.i.embedder.EclipseLogger - Copying 0 resource
2017-07-26 06:15:53,973 [Worker-190] INFO  o.e.m.c.i.embedder.EclipseLogger - Using 'UTF-8' encoding to copy filtered resources.
2017-07-26 06:15:53,979 [Worker-190] INFO  o.e.m.c.i.embedder.EclipseLogger - Copying 0 resource
2017-07-26 06:15:59,155 [Worker-191] INFO  o.e.m.c.i.embedder.EclipseLogger - Using 'UTF-8' encoding to copy filtered resources.
2017-07-26 06:15:59,161 [Worker-191] INFO  o.e.m.c.i.embedder.EclipseLogger - Copying 0 resource
2017-07-26 06:15:59,169 [Worker-191] INFO  o.e.m.c.i.embedder.EclipseLogger - Copying 0 resource
2017-07-26 06:15:59,177 [Worker-191] INFO  o.e.m.c.i.embedder.EclipseLogger - Using 'UTF-8' encoding to copy filtered resources.
2017-07-26 06:15:59,177 [Worker-191] INFO  o.e.m.c.i.embedder.EclipseLogger - Copying 0 resource
2017-07-26 06:16:02,343 [Worker-190] INFO  o.e.m.c.i.embedder.EclipseLogger - Using 'UTF-8' encoding to copy filtered resources.
2017-07-26 06:16:02,344 [Worker-190] INFO  o.e.m.c.i.embedder.EclipseLogger - Copying 0 resource
2017-07-26 06:16:02,357 [Worker-190] INFO  o.e.m.c.i.embedder.EclipseLogger - Copying 0 resource
2017-07-26 06:16:02,359 [Worker-190] INFO  o.e.m.c.i.embedder.EclipseLogger - Using 'UTF-8' encoding to copy filtered resources.
2017-07-26 06:16:02,365 [Worker-190] INFO  o.e.m.c.i.embedder.EclipseLogger - Copying 0 resource
2017-07-26 06:16:05,969 [Worker-194] INFO  o.e.m.c.i.embedder.EclipseLogger - Using 'UTF-8' encoding to copy filtered resources.
2017-07-26 06:16:05,975 [Worker-194] INFO  o.e.m.c.i.embedder.EclipseLogger - Copying 0 resource
2017-07-26 06:16:05,981 [Worker-194] INFO  o.e.m.c.i.embedder.EclipseLogger - Copying 0 resource
2017-07-26 06:16:06,051 [Worker-194] INFO  o.e.m.c.i.embedder.EclipseLogger - Using 'UTF-8' encoding to copy filtered resources.
2017-07-26 06:16:06,052 [Worker-194] INFO  o.e.m.c.i.embedder.EclipseLogger - Copying 0 resource
2017-07-26 06:16:30,021 [Worker-194] INFO  o.e.m.c.i.embedder.EclipseLogger - Using 'UTF-8' encoding to copy filtered resources.
2017-07-26 06:16:30,022 [Worker-194] INFO  o.e.m.c.i.embedder.EclipseLogger - Copying 0 resource
2017-07-26 06:16:30,028 [Worker-194] INFO  o.e.m.c.i.embedder.EclipseLogger - Copying 0 resource
2017-07-26 06:16:30,042 [Worker-194] INFO  o.e.m.c.i.embedder.EclipseLogger - Using 'UTF-8' encoding to copy filtered resources.
2017-07-26 06:16:30,048 [Worker-194] INFO  o.e.m.c.i.embedder.EclipseLogger - Copying 0 resource
